2017-01-16 20:12:59,992 - ___log_b1_regression_graph - INFO - Start handling; /Users/JerryHan88/PycharmProjects/taxi_projects/community_analysis/data/tfZ_TP/tfZ_TP-2009-0.csv
2017-01-16 20:12:59,992 - ___log_b1_regression_graph - INFO - Start handling; /Users/JerryHan88/PycharmProjects/taxi_projects/community_analysis/data/tfZ_TP/tfZ_TP-2009-1.csv
2017-01-16 20:12:59,992 - ___log_b1_regression_graph - INFO - Start handling; /Users/JerryHan88/PycharmProjects/taxi_projects/community_analysis/data/tfZ_TP/tfZ_TP-2009-10.csv
2017-01-16 20:12:59,993 - ___log_b1_regression_graph - INFO - Start loading; 2009-0
2017-01-16 20:12:59,993 - ___log_b1_regression_graph - INFO - Start loading; 2009-1
2017-01-16 20:12:59,993 - ___log_b1_regression_graph - INFO - Start loading; 2009-10
2017-01-16 20:13:38,380 - ___log_b1_regression_graph - INFO - Doing regression 0.00; 2009-10
2017-01-16 20:13:51,244 - ___log_b1_regression_graph - INFO - Doing regression 0.00; 2009-1
2017-01-16 20:13:55,862 - ___log_b1_regression_graph - INFO - Doing regression 0.00; 2009-0
2017-01-16 20:13:57,069 - ___log_b1_regression_graph - INFO - Doing regression 0.10; 2009-10
2017-01-16 20:14:05,241 - ___log_b1_regression_graph - INFO - Doing regression 0.20; 2009-10
2017-01-16 20:14:05,638 - ___log_b1_regression_graph - INFO - Doing regression 0.10; 2009-0
2017-01-16 20:14:09,988 - ___log_b1_regression_graph - INFO - Doing regression 0.10; 2009-1
2017-01-16 20:14:15,686 - ___log_b1_regression_graph - INFO - Doing regression 0.29; 2009-10
2017-01-16 20:14:25,322 - ___log_b1_regression_graph - INFO - Doing regression 0.20; 2009-1
2017-01-16 20:14:26,784 - ___log_b1_regression_graph - INFO - Doing regression 0.20; 2009-0
2017-01-16 20:14:28,431 - ___log_b1_regression_graph - INFO - Doing regression 0.39; 2009-10
2017-01-16 20:14:37,267 - ___log_b1_regression_graph - INFO - Doing regression 0.29; 2009-0
2017-01-16 20:14:38,369 - ___log_b1_regression_graph - INFO - Doing regression 0.29; 2009-1
2017-01-16 20:14:38,590 - ___log_b1_regression_graph - INFO - Doing regression 0.49; 2009-10
2017-01-16 20:14:49,605 - ___log_b1_regression_graph - INFO - Doing regression 0.39; 2009-0
2017-01-16 20:14:57,416 - ___log_b1_regression_graph - INFO - Doing regression 0.59; 2009-10
2017-01-16 20:15:00,540 - ___log_b1_regression_graph - INFO - Doing regression 0.39; 2009-1
2017-01-16 20:15:05,436 - ___log_b1_regression_graph - INFO - Doing regression 0.49; 2009-0
2017-01-16 20:15:12,232 - ___log_b1_regression_graph - INFO - Doing regression 0.69; 2009-10
2017-01-16 20:15:17,332 - ___log_b1_regression_graph - INFO - Doing regression 0.49; 2009-1
2017-01-16 20:15:24,016 - ___log_b1_regression_graph - INFO - Doing regression 0.59; 2009-0
2017-01-16 20:15:26,655 - ___log_b1_regression_graph - INFO - Doing regression 0.59; 2009-1
2017-01-16 20:15:26,792 - ___log_b1_regression_graph - INFO - Doing regression 0.78; 2009-10
2017-01-16 20:15:39,990 - ___log_b1_regression_graph - INFO - Doing regression 0.69; 2009-0
2017-01-16 20:15:43,156 - ___log_b1_regression_graph - INFO - Doing regression 0.69; 2009-1
2017-01-16 20:15:51,953 - ___log_b1_regression_graph - INFO - Doing regression 0.88; 2009-10
2017-01-16 20:15:55,529 - ___log_b1_regression_graph - INFO - Doing regression 0.78; 2009-0
2017-01-16 20:16:02,293 - ___log_b1_regression_graph - INFO - Doing regression 0.78; 2009-1
2017-01-16 20:16:02,401 - ___log_b1_regression_graph - INFO - Doing regression 0.98; 2009-10
2017-01-16 20:16:04,839 - ___log_b1_regression_graph - INFO - Start pickling; 2009-10
2017-01-16 20:16:05,053 - ___log_b1_regression_graph - INFO - Start handling; /Users/JerryHan88/PycharmProjects/taxi_projects/community_analysis/data/tfZ_TP/tfZ_TP-2009-11.csv
2017-01-16 20:16:05,053 - ___log_b1_regression_graph - INFO - Start loading; 2009-11
2017-01-16 20:16:12,681 - ___log_b1_regression_graph - INFO - Doing regression 0.88; 2009-0
2017-01-16 20:16:16,670 - ___log_b1_regression_graph - INFO - Doing regression 0.88; 2009-1
2017-01-16 20:16:25,913 - ___log_b1_regression_graph - INFO - Doing regression 0.98; 2009-0
2017-01-16 20:16:28,427 - ___log_b1_regression_graph - INFO - Doing regression 0.98; 2009-1
2017-01-16 20:16:29,538 - ___log_b1_regression_graph - INFO - Start pickling; 2009-1
2017-01-16 20:16:29,757 - ___log_b1_regression_graph - INFO - Start handling; /Users/JerryHan88/PycharmProjects/taxi_projects/community_analysis/data/tfZ_TP/tfZ_TP-2009-12.csv
2017-01-16 20:16:29,758 - ___log_b1_regression_graph - INFO - Start loading; 2009-12
2017-01-16 20:16:31,900 - ___log_b1_regression_graph - INFO - Start pickling; 2009-0
2017-01-16 20:16:32,129 - ___log_b1_regression_graph - INFO - Start handling; /Users/JerryHan88/PycharmProjects/taxi_projects/community_analysis/data/tfZ_TP/tfZ_TP-2009-13.csv
2017-01-16 20:16:32,130 - ___log_b1_regression_graph - INFO - Start loading; 2009-13
2017-01-16 20:16:41,354 - ___log_b1_regression_graph - INFO - Doing regression 0.00; 2009-11
2017-01-16 20:16:54,583 - ___log_b1_regression_graph - INFO - Doing regression 0.10; 2009-11
2017-01-16 20:17:06,700 - ___log_b1_regression_graph - INFO - Doing regression 0.20; 2009-11
2017-01-16 20:17:12,213 - ___log_b1_regression_graph - INFO - Doing regression 0.00; 2009-13
2017-01-16 20:17:17,021 - ___log_b1_regression_graph - INFO - Doing regression 0.00; 2009-12
2017-01-16 20:17:23,363 - ___log_b1_regression_graph - INFO - Doing regression 0.29; 2009-11
2017-01-16 20:17:26,635 - ___log_b1_regression_graph - INFO - Doing regression 0.10; 2009-13
2017-01-16 20:17:43,270 - ___log_b1_regression_graph - INFO - Doing regression 0.39; 2009-11
2017-01-16 20:17:44,257 - ___log_b1_regression_graph - INFO - Doing regression 0.10; 2009-12
2017-01-16 20:17:46,088 - ___log_b1_regression_graph - INFO - Doing regression 0.20; 2009-13
2017-01-16 20:17:58,577 - ___log_b1_regression_graph - INFO - Doing regression 0.29; 2009-13
2017-01-16 20:17:58,930 - ___log_b1_regression_graph - INFO - Doing regression 0.49; 2009-11
2017-01-16 20:18:02,685 - ___log_b1_regression_graph - INFO - Doing regression 0.20; 2009-12
2017-01-16 20:18:08,925 - ___log_b1_regression_graph - INFO - Doing regression 0.39; 2009-13
2017-01-16 20:18:10,928 - ___log_b1_regression_graph - INFO - Doing regression 0.59; 2009-11
2017-01-16 20:18:13,583 - ___log_b1_regression_graph - INFO - Doing regression 0.29; 2009-12
2017-01-16 20:18:18,214 - ___log_b1_regression_graph - INFO - Doing regression 0.49; 2009-13
2017-01-16 20:18:24,538 - ___log_b1_regression_graph - INFO - Doing regression 0.39; 2009-12
2017-01-16 20:18:31,781 - ___log_b1_regression_graph - INFO - Doing regression 0.69; 2009-11
2017-01-16 20:18:33,910 - ___log_b1_regression_graph - INFO - Doing regression 0.59; 2009-13
2017-01-16 20:18:37,679 - ___log_b1_regression_graph - INFO - Doing regression 0.49; 2009-12
2017-01-16 20:18:42,668 - ___log_b1_regression_graph - INFO - Doing regression 0.78; 2009-11
2017-01-16 20:18:48,673 - ___log_b1_regression_graph - INFO - Doing regression 0.69; 2009-13
2017-01-16 20:18:50,835 - ___log_b1_regression_graph - INFO - Doing regression 0.59; 2009-12
2017-01-16 20:18:54,862 - ___log_b1_regression_graph - INFO - Doing regression 0.88; 2009-11
2017-01-16 20:19:04,995 - ___log_b1_regression_graph - INFO - Doing regression 0.98; 2009-11
2017-01-16 20:19:06,244 - ___log_b1_regression_graph - INFO - Start pickling; 2009-11
2017-01-16 20:19:06,459 - ___log_b1_regression_graph - INFO - Start handling; /Users/JerryHan88/PycharmProjects/taxi_projects/community_analysis/data/tfZ_TP/tfZ_TP-2009-14.csv
2017-01-16 20:19:06,460 - ___log_b1_regression_graph - INFO - Start loading; 2009-14
2017-01-16 20:19:09,301 - ___log_b1_regression_graph - INFO - Doing regression 0.78; 2009-13
2017-01-16 20:19:11,501 - ___log_b1_regression_graph - INFO - Doing regression 0.69; 2009-12
2017-01-16 20:19:23,307 - ___log_b1_regression_graph - INFO - Doing regression 0.88; 2009-13
2017-01-16 20:19:30,147 - ___log_b1_regression_graph - INFO - Doing regression 0.78; 2009-12
2017-01-16 20:19:35,673 - ___log_b1_regression_graph - INFO - Doing regression 0.98; 2009-13
2017-01-16 20:19:36,262 - ___log_b1_regression_graph - INFO - Start pickling; 2009-13
2017-01-16 20:19:36,488 - ___log_b1_regression_graph - INFO - Start handling; /Users/JerryHan88/PycharmProjects/taxi_projects/community_analysis/data/tfZ_TP/tfZ_TP-2009-15.csv
2017-01-16 20:19:36,489 - ___log_b1_regression_graph - INFO - Start loading; 2009-15
2017-01-16 20:19:46,742 - ___log_b1_regression_graph - INFO - Doing regression 0.88; 2009-12
2017-01-16 20:19:57,675 - ___log_b1_regression_graph - INFO - Doing regression 0.00; 2009-14
2017-01-16 20:20:05,994 - ___log_b1_regression_graph - INFO - Doing regression 0.98; 2009-12
2017-01-16 20:20:08,157 - ___log_b1_regression_graph - INFO - Start pickling; 2009-12
2017-01-16 20:20:08,387 - ___log_b1_regression_graph - INFO - Start handling; /Users/JerryHan88/PycharmProjects/taxi_projects/community_analysis/data/tfZ_TP/tfZ_TP-2009-16.csv
2017-01-16 20:20:08,387 - ___log_b1_regression_graph - INFO - Start loading; 2009-16
2017-01-16 20:20:16,873 - ___log_b1_regression_graph - INFO - Doing regression 0.10; 2009-14
2017-01-16 20:20:20,276 - ___log_b1_regression_graph - INFO - Doing regression 0.00; 2009-15
2017-01-16 20:20:31,473 - ___log_b1_regression_graph - INFO - Doing regression 0.10; 2009-15
2017-01-16 20:20:31,649 - ___log_b1_regression_graph - INFO - Doing regression 0.20; 2009-14
2017-01-16 20:20:46,152 - ___log_b1_regression_graph - INFO - Doing regression 0.29; 2009-14
2017-01-16 20:20:48,081 - ___log_b1_regression_graph - INFO - Doing regression 0.00; 2009-16
2017-01-16 20:20:51,584 - ___log_b1_regression_graph - INFO - Doing regression 0.20; 2009-15
2017-01-16 20:21:06,227 - ___log_b1_regression_graph - INFO - Doing regression 0.39; 2009-14
2017-01-16 20:21:08,699 - ___log_b1_regression_graph - INFO - Doing regression 0.29; 2009-15
2017-01-16 20:21:12,353 - ___log_b1_regression_graph - INFO - Doing regression 0.10; 2009-16
2017-01-16 20:21:22,203 - ___log_b1_regression_graph - INFO - Doing regression 0.39; 2009-15
2017-01-16 20:21:26,431 - ___log_b1_regression_graph - INFO - Doing regression 0.20; 2009-16
2017-01-16 20:21:29,148 - ___log_b1_regression_graph - INFO - Doing regression 0.49; 2009-14
2017-01-16 20:21:44,130 - ___log_b1_regression_graph - INFO - Doing regression 0.49; 2009-15
2017-01-16 20:21:47,019 - ___log_b1_regression_graph - INFO - Doing regression 0.29; 2009-16
2017-01-16 20:21:50,229 - ___log_b1_regression_graph - INFO - Doing regression 0.59; 2009-14
2017-01-16 20:21:58,776 - ___log_b1_regression_graph - INFO - Doing regression 0.59; 2009-15
2017-01-16 20:22:01,385 - ___log_b1_regression_graph - INFO - Doing regression 0.39; 2009-16
2017-01-16 20:22:06,416 - ___log_b1_regression_graph - INFO - Doing regression 0.69; 2009-15
2017-01-16 20:22:08,247 - ___log_b1_regression_graph - INFO - Doing regression 0.69; 2009-14
2017-01-16 20:22:12,590 - ___log_b1_regression_graph - INFO - Doing regression 0.49; 2009-16
2017-01-16 20:22:20,522 - ___log_b1_regression_graph - INFO - Doing regression 0.78; 2009-14
2017-01-16 20:22:20,798 - ___log_b1_regression_graph - INFO - Doing regression 0.78; 2009-15
2017-01-16 20:22:25,078 - ___log_b1_regression_graph - INFO - Doing regression 0.59; 2009-16
2017-01-16 20:22:31,265 - ___log_b1_regression_graph - INFO - Doing regression 0.88; 2009-14
2017-01-16 20:22:31,476 - ___log_b1_regression_graph - INFO - Doing regression 0.88; 2009-15
2017-01-16 20:22:32,905 - ___log_b1_regression_graph - INFO - Doing regression 0.69; 2009-16
2017-01-16 20:22:40,502 - ___log_b1_regression_graph - INFO - Doing regression 0.98; 2009-14
2017-01-16 20:22:42,154 - ___log_b1_regression_graph - INFO - Doing regression 0.78; 2009-16
2017-01-16 20:22:42,214 - ___log_b1_regression_graph - INFO - Doing regression 0.98; 2009-15
2017-01-16 20:22:43,803 - ___log_b1_regression_graph - INFO - Start pickling; 2009-15
2017-01-16 20:22:44,093 - ___log_b1_regression_graph - INFO - Start handling; /Users/JerryHan88/PycharmProjects/taxi_projects/community_analysis/data/tfZ_TP/tfZ_TP-2009-17.csv
2017-01-16 20:22:44,094 - ___log_b1_regression_graph - INFO - Start loading; 2009-17
2017-01-16 20:22:45,741 - ___log_b1_regression_graph - INFO - Start pickling; 2009-14
2017-01-16 20:22:46,056 - ___log_b1_regression_graph - INFO - Start handling; /Users/JerryHan88/PycharmProjects/taxi_projects/community_analysis/data/tfZ_TP/tfZ_TP-2009-18.csv
2017-01-16 20:22:46,057 - ___log_b1_regression_graph - INFO - Start loading; 2009-18
2017-01-16 20:22:56,116 - ___log_b1_regression_graph - INFO - Doing regression 0.88; 2009-16
2017-01-16 20:23:08,347 - ___log_b1_regression_graph - INFO - Doing regression 0.98; 2009-16
2017-01-16 20:23:09,768 - ___log_b1_regression_graph - INFO - Start pickling; 2009-16
2017-01-16 20:23:09,948 - ___log_b1_regression_graph - INFO - Start handling; /Users/JerryHan88/PycharmProjects/taxi_projects/community_analysis/data/tfZ_TP/tfZ_TP-2009-19.csv
2017-01-16 20:23:09,948 - ___log_b1_regression_graph - INFO - Start loading; 2009-19
2017-01-16 20:23:30,651 - ___log_b1_regression_graph - INFO - Doing regression 0.00; 2009-17
2017-01-16 20:23:33,989 - ___log_b1_regression_graph - INFO - Doing regression 0.00; 2009-18
2017-01-16 20:23:43,571 - ___log_b1_regression_graph - INFO - Doing regression 0.10; 2009-18
2017-01-16 20:23:46,847 - ___log_b1_regression_graph - INFO - Doing regression 0.10; 2009-17
2017-01-16 20:23:50,200 - ___log_b1_regression_graph - INFO - Doing regression 0.00; 2009-19
2017-01-16 20:23:57,358 - ___log_b1_regression_graph - INFO - Doing regression 0.20; 2009-18
2017-01-16 20:24:01,026 - ___log_b1_regression_graph - INFO - Doing regression 0.20; 2009-17
2017-01-16 20:24:02,495 - ___log_b1_regression_graph - INFO - Doing regression 0.10; 2009-19
2017-01-16 20:24:10,898 - ___log_b1_regression_graph - INFO - Doing regression 0.29; 2009-18
2017-01-16 20:24:14,373 - ___log_b1_regression_graph - INFO - Doing regression 0.20; 2009-19
2017-01-16 20:24:18,654 - ___log_b1_regression_graph - INFO - Doing regression 0.29; 2009-17
2017-01-16 20:24:28,823 - ___log_b1_regression_graph - INFO - Doing regression 0.29; 2009-19
2017-01-16 20:24:31,280 - ___log_b1_regression_graph - INFO - Doing regression 0.39; 2009-18
2017-01-16 20:24:36,917 - ___log_b1_regression_graph - INFO - Doing regression 0.39; 2009-17
2017-01-16 20:24:39,176 - ___log_b1_regression_graph - INFO - Doing regression 0.39; 2009-19
2017-01-16 20:24:45,856 - ___log_b1_regression_graph - INFO - Doing regression 0.49; 2009-18
2017-01-16 20:24:49,272 - ___log_b1_regression_graph - INFO - Doing regression 0.49; 2009-17
2017-01-16 20:24:54,335 - ___log_b1_regression_graph - INFO - Doing regression 0.49; 2009-19
2017-01-16 20:25:04,175 - ___log_b1_regression_graph - INFO - Doing regression 0.59; 2009-18
2017-01-16 20:25:07,535 - ___log_b1_regression_graph - INFO - Doing regression 0.59; 2009-17
2017-01-16 20:25:08,181 - ___log_b1_regression_graph - INFO - Doing regression 0.59; 2009-19
2017-01-16 20:25:25,690 - ___log_b1_regression_graph - INFO - Doing regression 0.69; 2009-19
2017-01-16 20:25:27,951 - ___log_b1_regression_graph - INFO - Doing regression 0.69; 2009-17
2017-01-16 20:25:30,340 - ___log_b1_regression_graph - INFO - Doing regression 0.69; 2009-18
2017-01-16 20:25:38,069 - ___log_b1_regression_graph - INFO - Doing regression 0.78; 2009-17
2017-01-16 20:25:40,254 - ___log_b1_regression_graph - INFO - Doing regression 0.78; 2009-19
2017-01-16 20:25:47,282 - ___log_b1_regression_graph - INFO - Doing regression 0.78; 2009-18
2017-01-16 20:25:50,727 - ___log_b1_regression_graph - INFO - Doing regression 0.88; 2009-19
2017-01-16 20:25:51,758 - ___log_b1_regression_graph - INFO - Doing regression 0.88; 2009-17
2017-01-16 20:26:02,195 - ___log_b1_regression_graph - INFO - Doing regression 0.88; 2009-18
2017-01-16 20:26:06,705 - ___log_b1_regression_graph - INFO - Doing regression 0.98; 2009-19
2017-01-16 20:26:07,801 - ___log_b1_regression_graph - INFO - Start pickling; 2009-19
2017-01-16 20:26:07,990 - ___log_b1_regression_graph - INFO - Start handling; /Users/JerryHan88/PycharmProjects/taxi_projects/community_analysis/data/tfZ_TP/tfZ_TP-2009-2.csv
2017-01-16 20:26:07,990 - ___log_b1_regression_graph - INFO - Start loading; 2009-2
2017-01-16 20:26:10,220 - ___log_b1_regression_graph - INFO - Doing regression 0.98; 2009-17
2017-01-16 20:26:12,310 - ___log_b1_regression_graph - INFO - Start pickling; 2009-17
2017-01-16 20:26:12,520 - ___log_b1_regression_graph - INFO - Start handling; /Users/JerryHan88/PycharmProjects/taxi_projects/community_analysis/data/tfZ_TP/tfZ_TP-2009-20.csv
2017-01-16 20:26:12,521 - ___log_b1_regression_graph - INFO - Start loading; 2009-20
2017-01-16 20:26:15,333 - ___log_b1_regression_graph - INFO - Doing regression 0.98; 2009-18
2017-01-16 20:26:15,997 - ___log_b1_regression_graph - INFO - Start pickling; 2009-18
2017-01-16 20:26:16,249 - ___log_b1_regression_graph - INFO - Start handling; /Users/JerryHan88/PycharmProjects/taxi_projects/community_analysis/data/tfZ_TP/tfZ_TP-2009-21.csv
2017-01-16 20:26:16,249 - ___log_b1_regression_graph - INFO - Start loading; 2009-21
2017-01-16 20:26:51,165 - ___log_b1_regression_graph - INFO - Doing regression 0.00; 2009-2
2017-01-16 20:26:56,514 - ___log_b1_regression_graph - INFO - Doing regression 0.00; 2009-20
2017-01-16 20:27:06,436 - ___log_b1_regression_graph - INFO - Doing regression 0.00; 2009-21
2017-01-16 20:27:07,146 - ___log_b1_regression_graph - INFO - Doing regression 0.10; 2009-2
2017-01-16 20:27:11,777 - ___log_b1_regression_graph - INFO - Doing regression 0.10; 2009-20
2017-01-16 20:27:22,254 - ___log_b1_regression_graph - INFO - Doing regression 0.10; 2009-21
2017-01-16 20:27:25,889 - ___log_b1_regression_graph - INFO - Doing regression 0.20; 2009-2
2017-01-16 20:27:29,950 - ___log_b1_regression_graph - INFO - Doing regression 0.20; 2009-20
2017-01-16 20:27:33,604 - ___log_b1_regression_graph - INFO - Doing regression 0.29; 2009-2
2017-01-16 20:27:38,362 - ___log_b1_regression_graph - INFO - Doing regression 0.20; 2009-21
2017-01-16 20:27:45,075 - ___log_b1_regression_graph - INFO - Doing regression 0.29; 2009-20
2017-01-16 20:27:46,858 - ___log_b1_regression_graph - INFO - Doing regression 0.39; 2009-2
2017-01-16 20:28:00,577 - ___log_b1_regression_graph - INFO - Doing regression 0.29; 2009-21
2017-01-16 20:28:02,168 - ___log_b1_regression_graph - INFO - Doing regression 0.39; 2009-20
2017-01-16 20:28:08,780 - ___log_b1_regression_graph - INFO - Doing regression 0.49; 2009-2
2017-01-16 20:28:13,401 - ___log_b1_regression_graph - INFO - Doing regression 0.39; 2009-21
2017-01-16 20:28:18,193 - ___log_b1_regression_graph - INFO - Doing regression 0.49; 2009-20
2017-01-16 20:28:20,583 - ___log_b1_regression_graph - INFO - Doing regression 0.59; 2009-2
2017-01-16 20:28:28,301 - ___log_b1_regression_graph - INFO - Doing regression 0.49; 2009-21
2017-01-16 20:28:30,787 - ___log_b1_regression_graph - INFO - Doing regression 0.59; 2009-20
2017-01-16 20:28:41,432 - ___log_b1_regression_graph - INFO - Doing regression 0.59; 2009-21
2017-01-16 20:28:42,551 - ___log_b1_regression_graph - INFO - Doing regression 0.69; 2009-2
2017-01-16 20:28:47,021 - ___log_b1_regression_graph - INFO - Doing regression 0.69; 2009-20
2017-01-16 20:28:55,107 - ___log_b1_regression_graph - INFO - Doing regression 0.69; 2009-21
2017-01-16 20:28:55,797 - ___log_b1_regression_graph - INFO - Doing regression 0.78; 2009-2
2017-01-16 20:28:56,851 - ___log_b1_regression_graph - INFO - Doing regression 0.78; 2009-20
2017-01-16 20:29:02,593 - ___log_b1_regression_graph - INFO - Doing regression 0.78; 2009-21
2017-01-16 20:29:12,784 - ___log_b1_regression_graph - INFO - Doing regression 0.88; 2009-2
2017-01-16 20:29:14,445 - ___log_b1_regression_graph - INFO - Doing regression 0.88; 2009-20
2017-01-16 20:29:19,798 - ___log_b1_regression_graph - INFO - Doing regression 0.88; 2009-21
2017-01-16 20:29:21,450 - ___log_b1_regression_graph - INFO - Doing regression 0.98; 2009-2
2017-01-16 20:29:22,772 - ___log_b1_regression_graph - INFO - Doing regression 0.98; 2009-20
2017-01-16 20:29:26,126 - ___log_b1_regression_graph - INFO - Start pickling; 2009-20
2017-01-16 20:29:26,357 - ___log_b1_regression_graph - INFO - Start pickling; 2009-2
2017-01-16 20:29:26,453 - ___log_b1_regression_graph - INFO - Start handling; /Users/JerryHan88/PycharmProjects/taxi_projects/community_analysis/data/tfZ_TP/tfZ_TP-2009-22.csv
2017-01-16 20:29:26,453 - ___log_b1_regression_graph - INFO - Start loading; 2009-22
2017-01-16 20:29:26,643 - ___log_b1_regression_graph - INFO - Start handling; /Users/JerryHan88/PycharmProjects/taxi_projects/community_analysis/data/tfZ_TP/tfZ_TP-2009-23.csv
2017-01-16 20:29:26,643 - ___log_b1_regression_graph - INFO - Start loading; 2009-23
2017-01-16 20:29:33,471 - ___log_b1_regression_graph - INFO - Doing regression 0.98; 2009-21
2017-01-16 20:29:38,579 - ___log_b1_regression_graph - INFO - Start pickling; 2009-21
2017-01-16 20:29:38,812 - ___log_b1_regression_graph - INFO - Start handling; /Users/JerryHan88/PycharmProjects/taxi_projects/community_analysis/data/tfZ_TP/tfZ_TP-2009-24.csv
2017-01-16 20:29:38,812 - ___log_b1_regression_graph - INFO - Start loading; 2009-24
2017-01-16 20:30:10,793 - ___log_b1_regression_graph - INFO - Doing regression 0.00; 2009-22
2017-01-16 20:30:12,350 - ___log_b1_regression_graph - INFO - Doing regression 0.00; 2009-23
2017-01-16 20:30:21,852 - ___log_b1_regression_graph - INFO - Doing regression 0.10; 2009-23
2017-01-16 20:30:23,302 - ___log_b1_regression_graph - INFO - Doing regression 0.10; 2009-22
2017-01-16 20:30:27,035 - ___log_b1_regression_graph - INFO - Doing regression 0.00; 2009-24
2017-01-16 20:30:35,252 - ___log_b1_regression_graph - INFO - Doing regression 0.20; 2009-23
2017-01-16 20:30:36,353 - ___log_b1_regression_graph - INFO - Doing regression 0.20; 2009-22
2017-01-16 20:30:45,522 - ___log_b1_regression_graph - INFO - Doing regression 0.10; 2009-24
2017-01-16 20:30:50,496 - ___log_b1_regression_graph - INFO - Doing regression 0.29; 2009-23
2017-01-16 20:30:53,881 - ___log_b1_regression_graph - INFO - Doing regression 0.29; 2009-22
2017-01-16 20:30:58,420 - ___log_b1_regression_graph - INFO - Doing regression 0.20; 2009-24
2017-01-16 20:31:03,407 - ___log_b1_regression_graph - INFO - Doing regression 0.39; 2009-23
2017-01-16 20:31:12,149 - ___log_b1_regression_graph - INFO - Doing regression 0.29; 2009-24
2017-01-16 20:31:12,320 - ___log_b1_regression_graph - INFO - Doing regression 0.39; 2009-22
2017-01-16 20:31:20,872 - ___log_b1_regression_graph - INFO - Doing regression 0.49; 2009-23
2017-01-16 20:31:23,019 - ___log_b1_regression_graph - INFO - Doing regression 0.39; 2009-24
2017-01-16 20:31:27,949 - ___log_b1_regression_graph - INFO - Doing regression 0.49; 2009-22
2017-01-16 20:31:37,969 - ___log_b1_regression_graph - INFO - Doing regression 0.49; 2009-24
2017-01-16 20:31:37,991 - ___log_b1_regression_graph - INFO - Doing regression 0.59; 2009-23
2017-01-16 20:31:42,483 - ___log_b1_regression_graph - INFO - Doing regression 0.59; 2009-22
2017-01-16 20:31:48,646 - ___log_b1_regression_graph - INFO - Doing regression 0.69; 2009-23
2017-01-16 20:31:53,365 - ___log_b1_regression_graph - INFO - Doing regression 0.59; 2009-24
2017-01-16 20:31:54,792 - ___log_b1_regression_graph - INFO - Doing regression 0.69; 2009-22
2017-01-16 20:32:08,769 - ___log_b1_regression_graph - INFO - Doing regression 0.78; 2009-22
2017-01-16 20:32:10,162 - ___log_b1_regression_graph - INFO - Doing regression 0.69; 2009-24
2017-01-16 20:32:11,512 - ___log_b1_regression_graph - INFO - Doing regression 0.78; 2009-23
2017-01-16 20:32:22,720 - ___log_b1_regression_graph - INFO - Doing regression 0.88; 2009-22
2017-01-16 20:32:25,185 - ___log_b1_regression_graph - INFO - Doing regression 0.88; 2009-23
2017-01-16 20:32:35,425 - ___log_b1_regression_graph - INFO - Doing regression 0.78; 2009-24
2017-01-16 20:32:39,363 - ___log_b1_regression_graph - INFO - Doing regression 0.98; 2009-22
2017-01-16 20:32:41,367 - ___log_b1_regression_graph - INFO - Start pickling; 2009-22
2017-01-16 20:32:41,629 - ___log_b1_regression_graph - INFO - Start handling; /Users/JerryHan88/PycharmProjects/taxi_projects/community_analysis/data/tfZ_TP/tfZ_TP-2009-25.csv
2017-01-16 20:32:41,630 - ___log_b1_regression_graph - INFO - Start loading; 2009-25
2017-01-16 20:32:41,734 - ___log_b1_regression_graph - INFO - Doing regression 0.98; 2009-23
2017-01-16 20:32:42,649 - ___log_b1_regression_graph - INFO - Start pickling; 2009-23
2017-01-16 20:32:42,857 - ___log_b1_regression_graph - INFO - Start handling; /Users/JerryHan88/PycharmProjects/taxi_projects/community_analysis/data/tfZ_TP/tfZ_TP-2009-26.csv
2017-01-16 20:32:42,857 - ___log_b1_regression_graph - INFO - Start loading; 2009-26
2017-01-16 20:32:50,912 - ___log_b1_regression_graph - INFO - Doing regression 0.88; 2009-24
2017-01-16 20:33:02,278 - ___log_b1_regression_graph - INFO - Doing regression 0.98; 2009-24
2017-01-16 20:33:04,461 - ___log_b1_regression_graph - INFO - Start pickling; 2009-24
2017-01-16 20:33:04,673 - ___log_b1_regression_graph - INFO - Start handling; /Users/JerryHan88/PycharmProjects/taxi_projects/community_analysis/data/tfZ_TP/tfZ_TP-2009-27.csv
2017-01-16 20:33:04,673 - ___log_b1_regression_graph - INFO - Start loading; 2009-27
2017-01-16 20:33:31,621 - ___log_b1_regression_graph - INFO - Doing regression 0.00; 2009-25
2017-01-16 20:33:34,544 - ___log_b1_regression_graph - INFO - Doing regression 0.00; 2009-26
2017-01-16 20:33:47,303 - ___log_b1_regression_graph - INFO - Doing regression 0.10; 2009-25
2017-01-16 20:33:49,970 - ___log_b1_regression_graph - INFO - Doing regression 0.10; 2009-26
2017-01-16 20:33:53,508 - ___log_b1_regression_graph - INFO - Doing regression 0.00; 2009-27
2017-01-16 20:33:58,842 - ___log_b1_regression_graph - INFO - Doing regression 0.20; 2009-25
2017-01-16 20:34:10,573 - ___log_b1_regression_graph - INFO - Doing regression 0.10; 2009-27
2017-01-16 20:34:11,346 - ___log_b1_regression_graph - INFO - Doing regression 0.29; 2009-25
2017-01-16 20:34:22,156 - ___log_b1_regression_graph - INFO - Doing regression 0.20; 2009-26
2017-01-16 20:34:26,449 - ___log_b1_regression_graph - INFO - Doing regression 0.20; 2009-27
2017-01-16 20:34:29,591 - ___log_b1_regression_graph - INFO - Doing regression 0.39; 2009-25
2017-01-16 20:34:37,063 - ___log_b1_regression_graph - INFO - Doing regression 0.29; 2009-26
2017-01-16 20:34:40,700 - ___log_b1_regression_graph - INFO - Doing regression 0.29; 2009-27
2017-01-16 20:34:45,350 - ___log_b1_regression_graph - INFO - Doing regression 0.49; 2009-25
2017-01-16 20:34:51,211 - ___log_b1_regression_graph - INFO - Doing regression 0.39; 2009-27
2017-01-16 20:35:00,294 - ___log_b1_regression_graph - INFO - Doing regression 0.59; 2009-25
2017-01-16 20:35:02,308 - ___log_b1_regression_graph - INFO - Doing regression 0.39; 2009-26
2017-01-16 20:35:03,924 - ___log_b1_regression_graph - INFO - Doing regression 0.49; 2009-27
2017-01-16 20:35:13,635 - ___log_b1_regression_graph - INFO - Doing regression 0.69; 2009-25
2017-01-16 20:35:16,065 - ___log_b1_regression_graph - INFO - Doing regression 0.59; 2009-27
2017-01-16 20:35:19,191 - ___log_b1_regression_graph - INFO - Doing regression 0.49; 2009-26
2017-01-16 20:35:35,050 - ___log_b1_regression_graph - INFO - Doing regression 0.59; 2009-26
2017-01-16 20:35:35,071 - ___log_b1_regression_graph - INFO - Doing regression 0.69; 2009-27
2017-01-16 20:35:36,146 - ___log_b1_regression_graph - INFO - Doing regression 0.78; 2009-25
2017-01-16 20:35:48,274 - ___log_b1_regression_graph - INFO - Doing regression 0.78; 2009-27
2017-01-16 20:35:52,400 - ___log_b1_regression_graph - INFO - Doing regression 0.88; 2009-25
2017-01-16 20:35:53,927 - ___log_b1_regression_graph - INFO - Doing regression 0.69; 2009-26
2017-01-16 20:36:01,790 - ___log_b1_regression_graph - INFO - Doing regression 0.78; 2009-26
2017-01-16 20:36:04,831 - ___log_b1_regression_graph - INFO - Doing regression 0.88; 2009-27
2017-01-16 20:36:08,722 - ___log_b1_regression_graph - INFO - Doing regression 0.98; 2009-25
2017-01-16 20:36:13,933 - ___log_b1_regression_graph - INFO - Start pickling; 2009-25
2017-01-16 20:36:14,203 - ___log_b1_regression_graph - INFO - Start handling; /Users/JerryHan88/PycharmProjects/taxi_projects/community_analysis/data/tfZ_TP/tfZ_TP-2009-28.csv
2017-01-16 20:36:14,204 - ___log_b1_regression_graph - INFO - Start loading; 2009-28
2017-01-16 20:36:17,612 - ___log_b1_regression_graph - INFO - Doing regression 0.88; 2009-26
2017-01-16 20:36:24,455 - ___log_b1_regression_graph - INFO - Doing regression 0.98; 2009-27
2017-01-16 20:36:27,292 - ___log_b1_regression_graph - INFO - Start pickling; 2009-27
2017-01-16 20:36:27,522 - ___log_b1_regression_graph - INFO - Start handling; /Users/JerryHan88/PycharmProjects/taxi_projects/community_analysis/data/tfZ_TP/tfZ_TP-2009-29.csv
2017-01-16 20:36:27,522 - ___log_b1_regression_graph - INFO - Start loading; 2009-29
2017-01-16 20:36:32,557 - ___log_b1_regression_graph - INFO - Doing regression 0.98; 2009-26
2017-01-16 20:36:36,752 - ___log_b1_regression_graph - INFO - Start pickling; 2009-26
2017-01-16 20:36:37,001 - ___log_b1_regression_graph - INFO - Start handling; /Users/JerryHan88/PycharmProjects/taxi_projects/community_analysis/data/tfZ_TP/tfZ_TP-2009-3.csv
2017-01-16 20:36:37,001 - ___log_b1_regression_graph - INFO - Start loading; 2009-3
2017-01-16 20:36:56,453 - ___log_b1_regression_graph - INFO - Doing regression 0.00; 2009-28
2017-01-16 20:37:19,378 - ___log_b1_regression_graph - INFO - Doing regression 0.00; 2009-29
2017-01-16 20:37:21,706 - ___log_b1_regression_graph - INFO - Doing regression 0.10; 2009-28
2017-01-16 20:37:23,479 - ___log_b1_regression_graph - INFO - Doing regression 0.00; 2009-3
2017-01-16 20:37:35,234 - ___log_b1_regression_graph - INFO - Doing regression 0.10; 2009-3
2017-01-16 20:37:35,420 - ___log_b1_regression_graph - INFO - Doing regression 0.10; 2009-29
2017-01-16 20:37:36,784 - ___log_b1_regression_graph - INFO - Doing regression 0.20; 2009-28
2017-01-16 20:37:46,645 - ___log_b1_regression_graph - INFO - Doing regression 0.20; 2009-29
2017-01-16 20:37:48,595 - ___log_b1_regression_graph - INFO - Doing regression 0.20; 2009-3
2017-01-16 20:37:49,733 - ___log_b1_regression_graph - INFO - Doing regression 0.29; 2009-28
2017-01-16 20:38:00,534 - ___log_b1_regression_graph - INFO - Doing regression 0.29; 2009-3
2017-01-16 20:38:04,980 - ___log_b1_regression_graph - INFO - Doing regression 0.29; 2009-29
2017-01-16 20:38:05,613 - ___log_b1_regression_graph - INFO - Doing regression 0.39; 2009-28
2017-01-16 20:38:09,131 - ___log_b1_regression_graph - INFO - Doing regression 0.39; 2009-3
2017-01-16 20:38:21,443 - ___log_b1_regression_graph - INFO - Doing regression 0.49; 2009-28
2017-01-16 20:38:25,087 - ___log_b1_regression_graph - INFO - Doing regression 0.39; 2009-29
2017-01-16 20:38:27,957 - ___log_b1_regression_graph - INFO - Doing regression 0.49; 2009-3
2017-01-16 20:38:34,685 - ___log_b1_regression_graph - INFO - Doing regression 0.59; 2009-28
2017-01-16 20:38:40,191 - ___log_b1_regression_graph - INFO - Doing regression 0.59; 2009-3
2017-01-16 20:38:40,826 - ___log_b1_regression_graph - INFO - Doing regression 0.49; 2009-29
2017-01-16 20:38:52,648 - ___log_b1_regression_graph - INFO - Doing regression 0.69; 2009-28
2017-01-16 20:38:53,479 - ___log_b1_regression_graph - INFO - Doing regression 0.69; 2009-3
2017-01-16 20:38:57,184 - ___log_b1_regression_graph - INFO - Doing regression 0.59; 2009-29
2017-01-16 20:39:02,848 - ___log_b1_regression_graph - INFO - Doing regression 0.78; 2009-28
2017-01-16 20:39:08,224 - ___log_b1_regression_graph - INFO - Doing regression 0.69; 2009-29
2017-01-16 20:39:08,234 - ___log_b1_regression_graph - INFO - Doing regression 0.78; 2009-3
2017-01-16 20:39:12,206 - ___log_b1_regression_graph - INFO - Doing regression 0.88; 2009-28
2017-01-16 20:39:19,481 - ___log_b1_regression_graph - INFO - Doing regression 0.78; 2009-29
2017-01-16 20:39:25,404 - ___log_b1_regression_graph - INFO - Doing regression 0.88; 2009-3
2017-01-16 20:39:28,583 - ___log_b1_regression_graph - INFO - Doing regression 0.98; 2009-28
2017-01-16 20:39:29,630 - ___log_b1_regression_graph - INFO - Start pickling; 2009-28
2017-01-16 20:39:29,875 - ___log_b1_regression_graph - INFO - Start handling; /Users/JerryHan88/PycharmProjects/taxi_projects/community_analysis/data/tfZ_TP/tfZ_TP-2009-30.csv
2017-01-16 20:39:29,876 - ___log_b1_regression_graph - INFO - Start loading; 2009-30
2017-01-16 20:39:31,962 - ___log_b1_regression_graph - INFO - Doing regression 0.88; 2009-29
2017-01-16 20:39:42,202 - ___log_b1_regression_graph - INFO - Doing regression 0.98; 2009-3
2017-01-16 20:39:43,735 - ___log_b1_regression_graph - INFO - Start pickling; 2009-3
2017-01-16 20:39:43,955 - ___log_b1_regression_graph - INFO - Start handling; /Users/JerryHan88/PycharmProjects/taxi_projects/community_analysis/data/tfZ_TP/tfZ_TP-2009-31.csv
2017-01-16 20:39:43,956 - ___log_b1_regression_graph - INFO - Start loading; 2009-31
2017-01-16 20:39:50,840 - ___log_b1_regression_graph - INFO - Doing regression 0.98; 2009-29
2017-01-16 20:39:52,623 - ___log_b1_regression_graph - INFO - Start pickling; 2009-29
2017-01-16 20:39:52,852 - ___log_b1_regression_graph - INFO - Start handling; /Users/JerryHan88/PycharmProjects/taxi_projects/community_analysis/data/tfZ_TP/tfZ_TP-2009-32.csv
2017-01-16 20:39:52,852 - ___log_b1_regression_graph - INFO - Start loading; 2009-32
2017-01-16 20:40:14,590 - ___log_b1_regression_graph - INFO - Doing regression 0.00; 2009-30
2017-01-16 20:40:24,743 - ___log_b1_regression_graph - INFO - Doing regression 0.10; 2009-30
2017-01-16 20:40:40,107 - ___log_b1_regression_graph - INFO - Doing regression 0.00; 2009-31
2017-01-16 20:40:40,425 - ___log_b1_regression_graph - INFO - Doing regression 0.00; 2009-32
2017-01-16 20:40:45,583 - ___log_b1_regression_graph - INFO - Doing regression 0.20; 2009-30
2017-01-16 20:40:49,781 - ___log_b1_regression_graph - INFO - Doing regression 0.10; 2009-32
2017-01-16 20:40:55,096 - ___log_b1_regression_graph - INFO - Doing regression 0.10; 2009-31
2017-01-16 20:41:02,753 - ___log_b1_regression_graph - INFO - Doing regression 0.29; 2009-30
2017-01-16 20:41:11,391 - ___log_b1_regression_graph - INFO - Doing regression 0.20; 2009-31
2017-01-16 20:41:12,427 - ___log_b1_regression_graph - INFO - Doing regression 0.20; 2009-32
2017-01-16 20:41:17,427 - ___log_b1_regression_graph - INFO - Doing regression 0.39; 2009-30
2017-01-16 20:41:19,724 - ___log_b1_regression_graph - INFO - Doing regression 0.29; 2009-31
2017-01-16 20:41:22,778 - ___log_b1_regression_graph - INFO - Doing regression 0.29; 2009-32
2017-01-16 20:41:31,712 - ___log_b1_regression_graph - INFO - Doing regression 0.39; 2009-32
2017-01-16 20:41:32,797 - ___log_b1_regression_graph - INFO - Doing regression 0.49; 2009-30
2017-01-16 20:41:42,117 - ___log_b1_regression_graph - INFO - Doing regression 0.39; 2009-31
2017-01-16 20:41:49,539 - ___log_b1_regression_graph - INFO - Doing regression 0.59; 2009-30
2017-01-16 20:41:51,258 - ___log_b1_regression_graph - INFO - Doing regression 0.49; 2009-32
2017-01-16 20:41:59,777 - ___log_b1_regression_graph - INFO - Doing regression 0.69; 2009-30
2017-01-16 20:42:00,351 - ___log_b1_regression_graph - INFO - Doing regression 0.49; 2009-31
2017-01-16 20:42:06,021 - ___log_b1_regression_graph - INFO - Doing regression 0.59; 2009-32
2017-01-16 20:42:14,915 - ___log_b1_regression_graph - INFO - Doing regression 0.59; 2009-31
2017-01-16 20:42:18,079 - ___log_b1_regression_graph - INFO - Doing regression 0.69; 2009-32
2017-01-16 20:42:20,498 - ___log_b1_regression_graph - INFO - Doing regression 0.78; 2009-30
2017-01-16 20:42:32,737 - ___log_b1_regression_graph - INFO - Doing regression 0.78; 2009-32
2017-01-16 20:42:33,399 - ___log_b1_regression_graph - INFO - Doing regression 0.69; 2009-31
2017-01-16 20:42:33,657 - ___log_b1_regression_graph - INFO - Doing regression 0.88; 2009-30
2017-01-16 20:42:46,722 - ___log_b1_regression_graph - INFO - Doing regression 0.88; 2009-32
2017-01-16 20:42:56,441 - ___log_b1_regression_graph - INFO - Doing regression 0.98; 2009-30
2017-01-16 20:42:58,854 - ___log_b1_regression_graph - INFO - Start pickling; 2009-30
2017-01-16 20:42:59,127 - ___log_b1_regression_graph - INFO - Start handling; /Users/JerryHan88/PycharmProjects/taxi_projects/community_analysis/data/tfZ_TP/tfZ_TP-2009-33.csv
2017-01-16 20:42:59,127 - ___log_b1_regression_graph - INFO - Start loading; 2009-33
2017-01-16 20:43:02,314 - ___log_b1_regression_graph - INFO - Doing regression 0.78; 2009-31
2017-01-16 20:43:04,106 - ___log_b1_regression_graph - INFO - Doing regression 0.98; 2009-32
2017-01-16 20:43:07,606 - ___log_b1_regression_graph - INFO - Start pickling; 2009-32
2017-01-16 20:43:07,804 - ___log_b1_regression_graph - INFO - Start handling; /Users/JerryHan88/PycharmProjects/taxi_projects/community_analysis/data/tfZ_TP/tfZ_TP-2009-34.csv
2017-01-16 20:43:07,805 - ___log_b1_regression_graph - INFO - Start loading; 2009-34
2017-01-16 20:43:12,138 - ___log_b1_regression_graph - INFO - Doing regression 0.88; 2009-31
2017-01-16 20:43:27,425 - ___log_b1_regression_graph - INFO - Doing regression 0.98; 2009-31
2017-01-16 20:43:31,989 - ___log_b1_regression_graph - INFO - Start pickling; 2009-31
2017-01-16 20:43:32,266 - ___log_b1_regression_graph - INFO - Start handling; /Users/JerryHan88/PycharmProjects/taxi_projects/community_analysis/data/tfZ_TP/tfZ_TP-2009-35.csv
2017-01-16 20:43:32,266 - ___log_b1_regression_graph - INFO - Start loading; 2009-35
2017-01-16 20:43:36,915 - ___log_b1_regression_graph - INFO - Doing regression 0.00; 2009-33
2017-01-16 20:43:45,989 - ___log_b1_regression_graph - INFO - Doing regression 0.00; 2009-34
2017-01-16 20:43:49,173 - ___log_b1_regression_graph - INFO - Doing regression 0.10; 2009-33
2017-01-16 20:44:02,214 - ___log_b1_regression_graph - INFO - Doing regression 0.10; 2009-34
2017-01-16 20:44:04,385 - ___log_b1_regression_graph - INFO - Doing regression 0.20; 2009-33
2017-01-16 20:44:14,327 - ___log_b1_regression_graph - INFO - Doing regression 0.00; 2009-35
2017-01-16 20:44:16,512 - ___log_b1_regression_graph - INFO - Doing regression 0.29; 2009-33
2017-01-16 20:44:19,103 - ___log_b1_regression_graph - INFO - Doing regression 0.20; 2009-34
2017-01-16 20:44:26,374 - ___log_b1_regression_graph - INFO - Doing regression 0.39; 2009-33
2017-01-16 20:44:27,853 - ___log_b1_regression_graph - INFO - Doing regression 0.29; 2009-34
2017-01-16 20:44:31,236 - ___log_b1_regression_graph - INFO - Doing regression 0.10; 2009-35
2017-01-16 20:44:40,091 - ___log_b1_regression_graph - INFO - Doing regression 0.49; 2009-33
2017-01-16 20:44:41,431 - ___log_b1_regression_graph - INFO - Doing regression 0.39; 2009-34
2017-01-16 20:44:45,872 - ___log_b1_regression_graph - INFO - Doing regression 0.20; 2009-35
2017-01-16 20:44:53,511 - ___log_b1_regression_graph - INFO - Doing regression 0.59; 2009-33
2017-01-16 20:44:53,798 - ___log_b1_regression_graph - INFO - Doing regression 0.49; 2009-34
2017-01-16 20:44:55,566 - ___log_b1_regression_graph - INFO - Doing regression 0.29; 2009-35
2017-01-16 20:45:04,342 - ___log_b1_regression_graph - INFO - Doing regression 0.39; 2009-35
2017-01-16 20:45:06,782 - ___log_b1_regression_graph - INFO - Doing regression 0.69; 2009-33
2017-01-16 20:45:10,786 - ___log_b1_regression_graph - INFO - Doing regression 0.59; 2009-34
2017-01-16 20:45:15,741 - ___log_b1_regression_graph - INFO - Doing regression 0.49; 2009-35
2017-01-16 20:45:17,113 - ___log_b1_regression_graph - INFO - Doing regression 0.78; 2009-33
2017-01-16 20:45:24,338 - ___log_b1_regression_graph - INFO - Doing regression 0.69; 2009-34
2017-01-16 20:45:34,398 - ___log_b1_regression_graph - INFO - Doing regression 0.59; 2009-35
2017-01-16 20:45:43,041 - ___log_b1_regression_graph - INFO - Doing regression 0.88; 2009-33
2017-01-16 20:45:45,061 - ___log_b1_regression_graph - INFO - Doing regression 0.78; 2009-34
2017-01-16 20:45:49,288 - ___log_b1_regression_graph - INFO - Doing regression 0.69; 2009-35
2017-01-16 20:45:55,986 - ___log_b1_regression_graph - INFO - Doing regression 0.88; 2009-34
2017-01-16 20:46:01,433 - ___log_b1_regression_graph - INFO - Doing regression 0.98; 2009-33
2017-01-16 20:46:03,287 - ___log_b1_regression_graph - INFO - Start pickling; 2009-33
2017-01-16 20:46:03,511 - ___log_b1_regression_graph - INFO - Start handling; /Users/JerryHan88/PycharmProjects/taxi_projects/community_analysis/data/tfZ_TP/tfZ_TP-2009-36.csv
2017-01-16 20:46:03,511 - ___log_b1_regression_graph - INFO - Start loading; 2009-36
2017-01-16 20:46:04,493 - ___log_b1_regression_graph - INFO - Doing regression 0.78; 2009-35
2017-01-16 20:46:08,015 - ___log_b1_regression_graph - INFO - Doing regression 0.98; 2009-34
2017-01-16 20:46:11,986 - ___log_b1_regression_graph - INFO - Start pickling; 2009-34
2017-01-16 20:46:12,193 - ___log_b1_regression_graph - INFO - Start handling; /Users/JerryHan88/PycharmProjects/taxi_projects/community_analysis/data/tfZ_TP/tfZ_TP-2009-37.csv
2017-01-16 20:46:12,194 - ___log_b1_regression_graph - INFO - Start loading; 2009-37
2017-01-16 20:46:16,436 - ___log_b1_regression_graph - INFO - Doing regression 0.88; 2009-35
2017-01-16 20:46:29,518 - ___log_b1_regression_graph - INFO - Doing regression 0.98; 2009-35
2017-01-16 20:46:33,720 - ___log_b1_regression_graph - INFO - Start pickling; 2009-35
2017-01-16 20:46:33,961 - ___log_b1_regression_graph - INFO - Start handling; /Users/JerryHan88/PycharmProjects/taxi_projects/community_analysis/data/tfZ_TP/tfZ_TP-2009-38.csv
2017-01-16 20:46:33,961 - ___log_b1_regression_graph - INFO - Start loading; 2009-38
2017-01-16 20:46:44,793 - ___log_b1_regression_graph - INFO - Doing regression 0.00; 2009-36
2017-01-16 20:46:57,465 - ___log_b1_regression_graph - INFO - Doing regression 0.10; 2009-36
2017-01-16 20:47:00,124 - ___log_b1_regression_graph - INFO - Doing regression 0.00; 2009-37
2017-01-16 20:47:10,231 - ___log_b1_regression_graph - INFO - Doing regression 0.20; 2009-36
2017-01-16 20:47:15,395 - ___log_b1_regression_graph - INFO - Doing regression 0.10; 2009-37
2017-01-16 20:47:20,724 - ___log_b1_regression_graph - INFO - Doing regression 0.00; 2009-38
2017-01-16 20:47:25,260 - ___log_b1_regression_graph - INFO - Doing regression 0.29; 2009-36
2017-01-16 20:47:29,601 - ___log_b1_regression_graph - INFO - Doing regression 0.20; 2009-37
2017-01-16 20:47:39,188 - ___log_b1_regression_graph - INFO - Doing regression 0.10; 2009-38
2017-01-16 20:47:45,544 - ___log_b1_regression_graph - INFO - Doing regression 0.39; 2009-36
2017-01-16 20:47:47,440 - ___log_b1_regression_graph - INFO - Doing regression 0.29; 2009-37
2017-01-16 20:47:47,839 - ___log_b1_regression_graph - INFO - Doing regression 0.20; 2009-38
2017-01-16 20:48:05,459 - ___log_b1_regression_graph - INFO - Doing regression 0.39; 2009-37
2017-01-16 20:48:09,540 - ___log_b1_regression_graph - INFO - Doing regression 0.49; 2009-36
2017-01-16 20:48:09,605 - ___log_b1_regression_graph - INFO - Doing regression 0.29; 2009-38
2017-01-16 20:48:19,580 - ___log_b1_regression_graph - INFO - Doing regression 0.39; 2009-38
2017-01-16 20:48:25,546 - ___log_b1_regression_graph - INFO - Doing regression 0.49; 2009-37
2017-01-16 20:48:26,926 - ___log_b1_regression_graph - INFO - Doing regression 0.59; 2009-36
2017-01-16 20:48:36,857 - ___log_b1_regression_graph - INFO - Doing regression 0.49; 2009-38
2017-01-16 20:48:38,855 - ___log_b1_regression_graph - INFO - Doing regression 0.69; 2009-36
2017-01-16 20:48:39,573 - ___log_b1_regression_graph - INFO - Doing regression 0.59; 2009-37
2017-01-16 20:48:52,908 - ___log_b1_regression_graph - INFO - Doing regression 0.78; 2009-36
2017-01-16 20:49:01,523 - ___log_b1_regression_graph - INFO - Doing regression 0.69; 2009-37
2017-01-16 20:49:04,912 - ___log_b1_regression_graph - INFO - Doing regression 0.59; 2009-38
2017-01-16 20:49:13,839 - ___log_b1_regression_graph - INFO - Doing regression 0.88; 2009-36
2017-01-16 20:49:15,196 - ___log_b1_regression_graph - INFO - Doing regression 0.69; 2009-38
2017-01-16 20:49:27,505 - ___log_b1_regression_graph - INFO - Doing regression 0.78; 2009-37
2017-01-16 20:49:30,565 - ___log_b1_regression_graph - INFO - Doing regression 0.98; 2009-36
2017-01-16 20:49:31,317 - ___log_b1_regression_graph - INFO - Doing regression 0.78; 2009-38
2017-01-16 20:49:31,827 - ___log_b1_regression_graph - INFO - Start pickling; 2009-36
2017-01-16 20:49:32,120 - ___log_b1_regression_graph - INFO - Start handling; /Users/JerryHan88/PycharmProjects/taxi_projects/community_analysis/data/tfZ_TP/tfZ_TP-2009-39.csv
2017-01-16 20:49:32,120 - ___log_b1_regression_graph - INFO - Start loading; 2009-39
2017-01-16 20:49:37,184 - ___log_b1_regression_graph - INFO - Doing regression 0.88; 2009-37
2017-01-16 20:49:46,433 - ___log_b1_regression_graph - INFO - Doing regression 0.88; 2009-38
2017-01-16 20:50:00,668 - ___log_b1_regression_graph - INFO - Doing regression 0.98; 2009-37
2017-01-16 20:50:03,981 - ___log_b1_regression_graph - INFO - Start pickling; 2009-37
2017-01-16 20:50:04,360 - ___log_b1_regression_graph - INFO - Start handling; /Users/JerryHan88/PycharmProjects/taxi_projects/community_analysis/data/tfZ_TP/tfZ_TP-2009-4.csv
2017-01-16 20:50:04,361 - ___log_b1_regression_graph - INFO - Start loading; 2009-4
2017-01-16 20:50:04,554 - ___log_b1_regression_graph - INFO - Doing regression 0.98; 2009-38
2017-01-16 20:50:06,415 - ___log_b1_regression_graph - INFO - Start pickling; 2009-38
2017-01-16 20:50:06,674 - ___log_b1_regression_graph - INFO - Start handling; /Users/JerryHan88/PycharmProjects/taxi_projects/community_analysis/data/tfZ_TP/tfZ_TP-2009-40.csv
2017-01-16 20:50:06,674 - ___log_b1_regression_graph - INFO - Start loading; 2009-40
2017-01-16 20:50:07,549 - ___log_b1_regression_graph - INFO - Doing regression 0.00; 2009-39
2017-01-16 20:50:20,103 - ___log_b1_regression_graph - INFO - Doing regression 0.10; 2009-39
2017-01-16 20:50:28,540 - ___log_b1_regression_graph - INFO - Doing regression 0.20; 2009-39
2017-01-16 20:50:37,025 - ___log_b1_regression_graph - INFO - Doing regression 0.29; 2009-39
2017-01-16 20:50:47,874 - ___log_b1_regression_graph - INFO - Doing regression 0.00; 2009-40
2017-01-16 20:50:51,050 - ___log_b1_regression_graph - INFO - Doing regression 0.00; 2009-4
2017-01-16 20:50:55,654 - ___log_b1_regression_graph - INFO - Doing regression 0.39; 2009-39
2017-01-16 20:51:05,081 - ___log_b1_regression_graph - INFO - Doing regression 0.10; 2009-4
2017-01-16 20:51:09,304 - ___log_b1_regression_graph - INFO - Doing regression 0.49; 2009-39
2017-01-16 20:51:12,478 - ___log_b1_regression_graph - INFO - Doing regression 0.10; 2009-40
2017-01-16 20:51:16,905 - ___log_b1_regression_graph - INFO - Doing regression 0.20; 2009-4
2017-01-16 20:51:23,445 - ___log_b1_regression_graph - INFO - Doing regression 0.20; 2009-40
2017-01-16 20:51:24,147 - ___log_b1_regression_graph - INFO - Doing regression 0.59; 2009-39
2017-01-16 20:51:44,539 - ___log_b1_regression_graph - INFO - Doing regression 0.69; 2009-39
2017-01-16 20:51:45,681 - ___log_b1_regression_graph - INFO - Doing regression 0.29; 2009-40
2017-01-16 20:51:47,448 - ___log_b1_regression_graph - INFO - Doing regression 0.29; 2009-4
2017-01-16 20:51:54,454 - ___log_b1_regression_graph - INFO - Doing regression 0.78; 2009-39
2017-01-16 20:51:58,491 - ___log_b1_regression_graph - INFO - Doing regression 0.39; 2009-40
2017-01-16 20:51:58,840 - ___log_b1_regression_graph - INFO - Doing regression 0.39; 2009-4
2017-01-16 20:52:04,620 - ___log_b1_regression_graph - INFO - Doing regression 0.88; 2009-39
2017-01-16 20:52:09,147 - ___log_b1_regression_graph - INFO - Doing regression 0.49; 2009-4
2017-01-16 20:52:12,360 - ___log_b1_regression_graph - INFO - Doing regression 0.49; 2009-40
2017-01-16 20:52:13,421 - ___log_b1_regression_graph - INFO - Doing regression 0.98; 2009-39
2017-01-16 20:52:16,178 - ___log_b1_regression_graph - INFO - Start pickling; 2009-39
2017-01-16 20:52:16,412 - ___log_b1_regression_graph - INFO - Start handling; /Users/JerryHan88/PycharmProjects/taxi_projects/community_analysis/data/tfZ_TP/tfZ_TP-2009-41.csv
2017-01-16 20:52:16,412 - ___log_b1_regression_graph - INFO - Start loading; 2009-41
2017-01-16 20:52:23,909 - ___log_b1_regression_graph - INFO - Doing regression 0.59; 2009-40
2017-01-16 20:52:28,515 - ___log_b1_regression_graph - INFO - Doing regression 0.59; 2009-4
2017-01-16 20:52:31,740 - ___log_b1_regression_graph - INFO - Doing regression 0.69; 2009-40
2017-01-16 20:52:41,295 - ___log_b1_regression_graph - INFO - Doing regression 0.69; 2009-4
2017-01-16 20:52:43,339 - ___log_b1_regression_graph - INFO - Doing regression 0.78; 2009-40
2017-01-16 20:52:57,519 - ___log_b1_regression_graph - INFO - Doing regression 0.78; 2009-4
2017-01-16 20:53:01,960 - ___log_b1_regression_graph - INFO - Doing regression 0.88; 2009-40
2017-01-16 20:53:07,078 - ___log_b1_regression_graph - INFO - Doing regression 0.00; 2009-41
2017-01-16 20:53:10,645 - ___log_b1_regression_graph - INFO - Doing regression 0.98; 2009-40
2017-01-16 20:53:12,512 - ___log_b1_regression_graph - INFO - Start pickling; 2009-40
2017-01-16 20:53:12,762 - ___log_b1_regression_graph - INFO - Start handling; /Users/JerryHan88/PycharmProjects/taxi_projects/community_analysis/data/tfZ_TP/tfZ_TP-2009-42.csv
2017-01-16 20:53:12,762 - ___log_b1_regression_graph - INFO - Start loading; 2009-42
2017-01-16 20:53:18,846 - ___log_b1_regression_graph - INFO - Doing regression 0.88; 2009-4
2017-01-16 20:53:26,634 - ___log_b1_regression_graph - INFO - Doing regression 0.10; 2009-41
2017-01-16 20:53:29,473 - ___log_b1_regression_graph - INFO - Doing regression 0.98; 2009-4
2017-01-16 20:53:34,425 - ___log_b1_regression_graph - INFO - Start pickling; 2009-4
2017-01-16 20:53:34,681 - ___log_b1_regression_graph - INFO - Start handling; /Users/JerryHan88/PycharmProjects/taxi_projects/community_analysis/data/tfZ_TP/tfZ_TP-2009-43.csv
2017-01-16 20:53:34,681 - ___log_b1_regression_graph - INFO - Start loading; 2009-43
2017-01-16 20:53:42,517 - ___log_b1_regression_graph - INFO - Doing regression 0.20; 2009-41
2017-01-16 20:53:51,794 - ___log_b1_regression_graph - INFO - Doing regression 0.00; 2009-42
2017-01-16 20:54:03,952 - ___log_b1_regression_graph - INFO - Doing regression 0.10; 2009-42
2017-01-16 20:54:05,377 - ___log_b1_regression_graph - INFO - Doing regression 0.29; 2009-41
2017-01-16 20:54:09,597 - ___log_b1_regression_graph - INFO - Doing regression 0.00; 2009-43
2017-01-16 20:54:17,085 - ___log_b1_regression_graph - INFO - Doing regression 0.10; 2009-43
2017-01-16 20:54:20,344 - ___log_b1_regression_graph - INFO - Doing regression 0.20; 2009-42
2017-01-16 20:54:23,888 - ___log_b1_regression_graph - INFO - Doing regression 0.39; 2009-41
2017-01-16 20:54:30,914 - ___log_b1_regression_graph - INFO - Doing regression 0.20; 2009-43
2017-01-16 20:54:32,225 - ___log_b1_regression_graph - INFO - Doing regression 0.30; 2009-42
2017-01-16 20:54:37,419 - ___log_b1_regression_graph - INFO - Doing regression 0.49; 2009-41
2017-01-16 20:54:40,535 - ___log_b1_regression_graph - INFO - Doing regression 0.40; 2009-42
2017-01-16 20:54:46,469 - ___log_b1_regression_graph - INFO - Doing regression 0.30; 2009-43
2017-01-16 20:54:47,424 - ___log_b1_regression_graph - INFO - Doing regression 0.59; 2009-41
2017-01-16 20:54:50,121 - ___log_b1_regression_graph - INFO - Doing regression 0.50; 2009-42
2017-01-16 20:55:00,094 - ___log_b1_regression_graph - INFO - Doing regression 0.59; 2009-42
2017-01-16 20:55:00,889 - ___log_b1_regression_graph - INFO - Doing regression 0.69; 2009-41
2017-01-16 20:55:02,429 - ___log_b1_regression_graph - INFO - Doing regression 0.40; 2009-43
2017-01-16 20:55:12,437 - ___log_b1_regression_graph - INFO - Doing regression 0.50; 2009-43
2017-01-16 20:55:15,670 - ___log_b1_regression_graph - INFO - Doing regression 0.78; 2009-41
2017-01-16 20:55:18,916 - ___log_b1_regression_graph - INFO - Doing regression 0.69; 2009-42
2017-01-16 20:55:24,309 - ___log_b1_regression_graph - INFO - Doing regression 0.59; 2009-43
2017-01-16 20:55:29,164 - ___log_b1_regression_graph - INFO - Doing regression 0.79; 2009-42
2017-01-16 20:55:29,747 - ___log_b1_regression_graph - INFO - Doing regression 0.88; 2009-41
2017-01-16 20:55:38,718 - ___log_b1_regression_graph - INFO - Doing regression 0.69; 2009-43
2017-01-16 20:55:44,114 - ___log_b1_regression_graph - INFO - Doing regression 0.89; 2009-42
2017-01-16 20:55:48,540 - ___log_b1_regression_graph - INFO - Doing regression 0.98; 2009-41
2017-01-16 20:55:50,365 - ___log_b1_regression_graph - INFO - Start pickling; 2009-41
2017-01-16 20:55:50,629 - ___log_b1_regression_graph - INFO - Start handling; /Users/JerryHan88/PycharmProjects/taxi_projects/community_analysis/data/tfZ_TP/tfZ_TP-2009-44.csv
2017-01-16 20:55:50,629 - ___log_b1_regression_graph - INFO - Start loading; 2009-44
2017-01-16 20:55:51,864 - ___log_b1_regression_graph - INFO - Doing regression 0.79; 2009-43
2017-01-16 20:56:00,805 - ___log_b1_regression_graph - INFO - Doing regression 0.99; 2009-42
2017-01-16 20:56:04,218 - ___log_b1_regression_graph - INFO - Start pickling; 2009-42
2017-01-16 20:56:04,420 - ___log_b1_regression_graph - INFO - Start handling; /Users/JerryHan88/PycharmProjects/taxi_projects/community_analysis/data/tfZ_TP/tfZ_TP-2009-45.csv
2017-01-16 20:56:04,420 - ___log_b1_regression_graph - INFO - Start loading; 2009-45
2017-01-16 20:56:07,584 - ___log_b1_regression_graph - INFO - Doing regression 0.89; 2009-43
2017-01-16 20:56:17,710 - ___log_b1_regression_graph - INFO - Doing regression 0.99; 2009-43
2017-01-16 20:56:18,314 - ___log_b1_regression_graph - INFO - Start pickling; 2009-43
2017-01-16 20:56:18,490 - ___log_b1_regression_graph - INFO - Start handling; /Users/JerryHan88/PycharmProjects/taxi_projects/community_analysis/data/tfZ_TP/tfZ_TP-2009-46.csv
2017-01-16 20:56:18,490 - ___log_b1_regression_graph - INFO - Start loading; 2009-46
2017-01-16 20:56:30,108 - ___log_b1_regression_graph - INFO - Doing regression 0.00; 2009-44
2017-01-16 20:56:42,023 - ___log_b1_regression_graph - INFO - Doing regression 0.10; 2009-44
2017-01-16 20:56:44,075 - ___log_b1_regression_graph - INFO - Doing regression 0.00; 2009-45
2017-01-16 20:56:54,701 - ___log_b1_regression_graph - INFO - Doing regression 0.10; 2009-45
2017-01-16 20:56:55,769 - ___log_b1_regression_graph - INFO - Doing regression 0.20; 2009-44
2017-01-16 20:56:57,581 - ___log_b1_regression_graph - INFO - Doing regression 0.00; 2009-46
2017-01-16 20:57:09,080 - ___log_b1_regression_graph - INFO - Doing regression 0.20; 2009-45
2017-01-16 20:57:11,361 - ___log_b1_regression_graph - INFO - Doing regression 0.30; 2009-44
2017-01-16 20:57:14,124 - ___log_b1_regression_graph - INFO - Doing regression 0.10; 2009-46
2017-01-16 20:57:34,486 - ___log_b1_regression_graph - INFO - Doing regression 0.40; 2009-44
2017-01-16 20:57:34,653 - ___log_b1_regression_graph - INFO - Doing regression 0.30; 2009-45
2017-01-16 20:57:37,745 - ___log_b1_regression_graph - INFO - Doing regression 0.20; 2009-46
2017-01-16 20:57:46,806 - ___log_b1_regression_graph - INFO - Doing regression 0.50; 2009-44
2017-01-16 20:57:50,027 - ___log_b1_regression_graph - INFO - Doing regression 0.40; 2009-45
2017-01-16 20:57:54,698 - ___log_b1_regression_graph - INFO - Doing regression 0.30; 2009-46
2017-01-16 20:57:55,415 - ___log_b1_regression_graph - INFO - Doing regression 0.59; 2009-44
2017-01-16 20:58:05,013 - ___log_b1_regression_graph - INFO - Doing regression 0.50; 2009-45
2017-01-16 20:58:06,956 - ___log_b1_regression_graph - INFO - Doing regression 0.69; 2009-44
2017-01-16 20:58:13,514 - ___log_b1_regression_graph - INFO - Doing regression 0.40; 2009-46
2017-01-16 20:58:14,466 - ___log_b1_regression_graph - INFO - Doing regression 0.59; 2009-45
2017-01-16 20:58:17,650 - ___log_b1_regression_graph - INFO - Doing regression 0.79; 2009-44
2017-01-16 20:58:27,801 - ___log_b1_regression_graph - INFO - Doing regression 0.50; 2009-46
2017-01-16 20:58:36,975 - ___log_b1_regression_graph - INFO - Doing regression 0.89; 2009-44
2017-01-16 20:58:37,582 - ___log_b1_regression_graph - INFO - Doing regression 0.69; 2009-45
2017-01-16 20:58:41,353 - ___log_b1_regression_graph - INFO - Doing regression 0.59; 2009-46
2017-01-16 20:58:46,880 - ___log_b1_regression_graph - INFO - Doing regression 0.79; 2009-45
2017-01-16 20:58:50,040 - ___log_b1_regression_graph - INFO - Doing regression 0.99; 2009-44
2017-01-16 20:58:52,005 - ___log_b1_regression_graph - INFO - Start pickling; 2009-44
2017-01-16 20:58:52,338 - ___log_b1_regression_graph - INFO - Start handling; /Users/JerryHan88/PycharmProjects/taxi_projects/community_analysis/data/tfZ_TP/tfZ_TP-2009-47.csv
2017-01-16 20:58:52,338 - ___log_b1_regression_graph - INFO - Start loading; 2009-47
2017-01-16 20:58:57,666 - ___log_b1_regression_graph - INFO - Doing regression 0.69; 2009-46
2017-01-16 20:59:00,562 - ___log_b1_regression_graph - INFO - Doing regression 0.89; 2009-45
2017-01-16 20:59:07,813 - ___log_b1_regression_graph - INFO - Doing regression 0.79; 2009-46
2017-01-16 20:59:11,889 - ___log_b1_regression_graph - INFO - Doing regression 0.99; 2009-45
2017-01-16 20:59:13,361 - ___log_b1_regression_graph - INFO - Start pickling; 2009-45
2017-01-16 20:59:13,565 - ___log_b1_regression_graph - INFO - Start handling; /Users/JerryHan88/PycharmProjects/taxi_projects/community_analysis/data/tfZ_TP/tfZ_TP-2009-48.csv
2017-01-16 20:59:13,566 - ___log_b1_regression_graph - INFO - Start loading; 2009-48
2017-01-16 20:59:15,846 - ___log_b1_regression_graph - INFO - Doing regression 0.89; 2009-46
2017-01-16 20:59:29,581 - ___log_b1_regression_graph - INFO - Doing regression 0.99; 2009-46
2017-01-16 20:59:30,235 - ___log_b1_regression_graph - INFO - Start pickling; 2009-46
2017-01-16 20:59:30,497 - ___log_b1_regression_graph - INFO - Start handling; /Users/JerryHan88/PycharmProjects/taxi_projects/community_analysis/data/tfZ_TP/tfZ_TP-2009-49.csv
2017-01-16 20:59:30,498 - ___log_b1_regression_graph - INFO - Start loading; 2009-49
2017-01-16 20:59:30,999 - ___log_b1_regression_graph - INFO - Doing regression 0.00; 2009-47
2017-01-16 20:59:44,504 - ___log_b1_regression_graph - INFO - Doing regression 0.10; 2009-47
2017-01-16 20:59:50,166 - ___log_b1_regression_graph - INFO - Doing regression 0.00; 2009-48
2017-01-16 20:59:56,341 - ___log_b1_regression_graph - INFO - Doing regression 0.20; 2009-47
2017-01-16 21:00:00,604 - ___log_b1_regression_graph - INFO - Doing regression 0.10; 2009-48
2017-01-16 21:00:11,798 - ___log_b1_regression_graph - INFO - Doing regression 0.30; 2009-47
2017-01-16 21:00:13,055 - ___log_b1_regression_graph - INFO - Doing regression 0.20; 2009-48
2017-01-16 21:00:21,280 - ___log_b1_regression_graph - INFO - Doing regression 0.00; 2009-49
2017-01-16 21:00:28,700 - ___log_b1_regression_graph - INFO - Doing regression 0.40; 2009-47
2017-01-16 21:00:29,152 - ___log_b1_regression_graph - INFO - Doing regression 0.30; 2009-48
2017-01-16 21:00:32,368 - ___log_b1_regression_graph - INFO - Doing regression 0.10; 2009-49
2017-01-16 21:00:41,530 - ___log_b1_regression_graph - INFO - Doing regression 0.50; 2009-47
2017-01-16 21:00:42,704 - ___log_b1_regression_graph - INFO - Doing regression 0.40; 2009-48
2017-01-16 21:00:44,498 - ___log_b1_regression_graph - INFO - Doing regression 0.20; 2009-49
2017-01-16 21:00:55,555 - ___log_b1_regression_graph - INFO - Doing regression 0.30; 2009-49
2017-01-16 21:00:56,575 - ___log_b1_regression_graph - INFO - Doing regression 0.50; 2009-48
2017-01-16 21:00:57,226 - ___log_b1_regression_graph - INFO - Doing regression 0.59; 2009-47
2017-01-16 21:01:06,057 - ___log_b1_regression_graph - INFO - Doing regression 0.59; 2009-48
2017-01-16 21:01:16,178 - ___log_b1_regression_graph - INFO - Doing regression 0.40; 2009-49
2017-01-16 21:01:18,178 - ___log_b1_regression_graph - INFO - Doing regression 0.69; 2009-47
2017-01-16 21:01:22,708 - ___log_b1_regression_graph - INFO - Doing regression 0.69; 2009-48
2017-01-16 21:01:27,912 - ___log_b1_regression_graph - INFO - Doing regression 0.79; 2009-47
2017-01-16 21:01:31,129 - ___log_b1_regression_graph - INFO - Doing regression 0.79; 2009-48
2017-01-16 21:01:33,381 - ___log_b1_regression_graph - INFO - Doing regression 0.50; 2009-49
2017-01-16 21:01:43,073 - ___log_b1_regression_graph - INFO - Doing regression 0.89; 2009-47
2017-01-16 21:01:44,550 - ___log_b1_regression_graph - INFO - Doing regression 0.89; 2009-48
2017-01-16 21:01:56,373 - ___log_b1_regression_graph - INFO - Doing regression 0.59; 2009-49
2017-01-16 21:01:58,747 - ___log_b1_regression_graph - INFO - Doing regression 0.99; 2009-48
2017-01-16 21:02:00,574 - ___log_b1_regression_graph - INFO - Start pickling; 2009-48
2017-01-16 21:02:00,772 - ___log_b1_regression_graph - INFO - Start handling; /Users/JerryHan88/PycharmProjects/taxi_projects/community_analysis/data/tfZ_TP/tfZ_TP-2009-5.csv
2017-01-16 21:02:00,772 - ___log_b1_regression_graph - INFO - Start loading; 2009-5
2017-01-16 21:02:02,938 - ___log_b1_regression_graph - INFO - Doing regression 0.99; 2009-47
2017-01-16 21:02:03,385 - ___log_b1_regression_graph - INFO - Start pickling; 2009-47
2017-01-16 21:02:03,582 - ___log_b1_regression_graph - INFO - Start handling; /Users/JerryHan88/PycharmProjects/taxi_projects/community_analysis/data/tfZ_TP/tfZ_TP-2009-50.csv
2017-01-16 21:02:03,582 - ___log_b1_regression_graph - INFO - Start loading; 2009-50
2017-01-16 21:02:19,118 - ___log_b1_regression_graph - INFO - Doing regression 0.69; 2009-49
2017-01-16 21:02:38,432 - ___log_b1_regression_graph - INFO - Doing regression 0.79; 2009-49
2017-01-16 21:02:39,705 - ___log_b1_regression_graph - INFO - Doing regression 0.00; 2009-5
2017-01-16 21:02:51,941 - ___log_b1_regression_graph - INFO - Doing regression 0.89; 2009-49
2017-01-16 21:02:55,427 - ___log_b1_regression_graph - INFO - Doing regression 0.10; 2009-5
2017-01-16 21:02:59,817 - ___log_b1_regression_graph - INFO - Doing regression 0.00; 2009-50
2017-01-16 21:03:08,650 - ___log_b1_regression_graph - INFO - Doing regression 0.20; 2009-5
2017-01-16 21:03:11,896 - ___log_b1_regression_graph - INFO - Doing regression 0.99; 2009-49
2017-01-16 21:03:13,321 - ___log_b1_regression_graph - INFO - Start pickling; 2009-49
2017-01-16 21:03:13,615 - ___log_b1_regression_graph - INFO - Start handling; /Users/JerryHan88/PycharmProjects/taxi_projects/community_analysis/data/tfZ_TP/tfZ_TP-2009-51.csv
2017-01-16 21:03:13,615 - ___log_b1_regression_graph - INFO - Start loading; 2009-51
2017-01-16 21:03:18,301 - ___log_b1_regression_graph - INFO - Doing regression 0.10; 2009-50
2017-01-16 21:03:21,447 - ___log_b1_regression_graph - INFO - Doing regression 0.29; 2009-5
2017-01-16 21:03:35,180 - ___log_b1_regression_graph - INFO - Doing regression 0.39; 2009-5
2017-01-16 21:03:38,627 - ___log_b1_regression_graph - INFO - Doing regression 0.20; 2009-50
2017-01-16 21:03:43,118 - ___log_b1_regression_graph - INFO - Doing regression 0.49; 2009-5
2017-01-16 21:03:50,999 - ___log_b1_regression_graph - INFO - Doing regression 0.30; 2009-50
2017-01-16 21:03:53,996 - ___log_b1_regression_graph - INFO - Doing regression 0.00; 2009-51
2017-01-16 21:03:58,111 - ___log_b1_regression_graph - INFO - Doing regression 0.59; 2009-5
2017-01-16 21:04:05,425 - ___log_b1_regression_graph - INFO - Doing regression 0.10; 2009-51
2017-01-16 21:04:06,316 - ___log_b1_regression_graph - INFO - Doing regression 0.40; 2009-50
2017-01-16 21:04:12,291 - ___log_b1_regression_graph - INFO - Doing regression 0.69; 2009-5
2017-01-16 21:04:17,231 - ___log_b1_regression_graph - INFO - Doing regression 0.20; 2009-51
2017-01-16 21:04:21,026 - ___log_b1_regression_graph - INFO - Doing regression 0.50; 2009-50
2017-01-16 21:04:25,336 - ___log_b1_regression_graph - INFO - Doing regression 0.78; 2009-5
2017-01-16 21:04:30,113 - ___log_b1_regression_graph - INFO - Doing regression 0.30; 2009-51
2017-01-16 21:04:36,697 - ___log_b1_regression_graph - INFO - Doing regression 0.88; 2009-5
2017-01-16 21:04:37,682 - ___log_b1_regression_graph - INFO - Doing regression 0.59; 2009-50
2017-01-16 21:04:41,785 - ___log_b1_regression_graph - INFO - Doing regression 0.40; 2009-51
2017-01-16 21:04:51,878 - ___log_b1_regression_graph - INFO - Doing regression 0.98; 2009-5
2017-01-16 21:04:52,802 - ___log_b1_regression_graph - INFO - Start pickling; 2009-5
2017-01-16 21:04:53,022 - ___log_b1_regression_graph - INFO - Start handling; /Users/JerryHan88/PycharmProjects/taxi_projects/community_analysis/data/tfZ_TP/tfZ_TP-2009-52.csv
2017-01-16 21:04:53,023 - ___log_b1_regression_graph - INFO - Start loading; 2009-52
2017-01-16 21:04:53,513 - ___log_b1_regression_graph - INFO - Doing regression 0.50; 2009-51
2017-01-16 21:04:54,087 - ___log_b1_regression_graph - INFO - Doing regression 0.69; 2009-50
2017-01-16 21:05:06,469 - ___log_b1_regression_graph - INFO - Doing regression 0.79; 2009-50
2017-01-16 21:05:09,755 - ___log_b1_regression_graph - INFO - Doing regression 0.59; 2009-51
2017-01-16 21:05:21,533 - ___log_b1_regression_graph - INFO - Doing regression 0.89; 2009-50
2017-01-16 21:05:31,415 - ___log_b1_regression_graph - INFO - Doing regression 0.69; 2009-51
2017-01-16 21:05:32,695 - ___log_b1_regression_graph - INFO - Doing regression 0.00; 2009-52
2017-01-16 21:05:36,886 - ___log_b1_regression_graph - INFO - Doing regression 0.99; 2009-50
2017-01-16 21:05:38,409 - ___log_b1_regression_graph - INFO - Start pickling; 2009-50
2017-01-16 21:05:38,685 - ___log_b1_regression_graph - INFO - Start handling; /Users/JerryHan88/PycharmProjects/taxi_projects/community_analysis/data/tfZ_TP/tfZ_TP-2009-53.csv
2017-01-16 21:05:38,685 - ___log_b1_regression_graph - INFO - Start loading; 2009-53
2017-01-16 21:05:45,008 - ___log_b1_regression_graph - INFO - Doing regression 0.10; 2009-52
2017-01-16 21:05:47,210 - ___log_b1_regression_graph - INFO - Doing regression 0.79; 2009-51
2017-01-16 21:05:56,513 - ___log_b1_regression_graph - INFO - Doing regression 0.89; 2009-51
2017-01-16 21:05:59,684 - ___log_b1_regression_graph - INFO - Doing regression 0.20; 2009-52
2017-01-16 21:06:07,312 - ___log_b1_regression_graph - INFO - Doing regression 0.99; 2009-51
2017-01-16 21:06:11,349 - ___log_b1_regression_graph - INFO - Start pickling; 2009-51
2017-01-16 21:06:11,674 - ___log_b1_regression_graph - INFO - Start handling; /Users/JerryHan88/PycharmProjects/taxi_projects/community_analysis/data/tfZ_TP/tfZ_TP-2009-54.csv
2017-01-16 21:06:11,675 - ___log_b1_regression_graph - INFO - Start loading; 2009-54
2017-01-16 21:06:16,545 - ___log_b1_regression_graph - INFO - Doing regression 0.30; 2009-52
2017-01-16 21:06:25,526 - ___log_b1_regression_graph - INFO - Doing regression 0.40; 2009-52
2017-01-16 21:06:26,109 - ___log_b1_regression_graph - INFO - Doing regression 0.00; 2009-53
2017-01-16 21:06:37,615 - ___log_b1_regression_graph - INFO - Doing regression 0.50; 2009-52
2017-01-16 21:06:39,152 - ___log_b1_regression_graph - INFO - Doing regression 0.10; 2009-53
2017-01-16 21:06:50,217 - ___log_b1_regression_graph - INFO - Doing regression 0.20; 2009-53
2017-01-16 21:06:51,549 - ___log_b1_regression_graph - INFO - Doing regression 0.00; 2009-54
2017-01-16 21:06:53,207 - ___log_b1_regression_graph - INFO - Doing regression 0.59; 2009-52
2017-01-16 21:07:06,826 - ___log_b1_regression_graph - INFO - Doing regression 0.69; 2009-52
2017-01-16 21:07:08,346 - ___log_b1_regression_graph - INFO - Doing regression 0.10; 2009-54
2017-01-16 21:07:11,595 - ___log_b1_regression_graph - INFO - Doing regression 0.30; 2009-53
2017-01-16 21:07:24,299 - ___log_b1_regression_graph - INFO - Doing regression 0.20; 2009-54
2017-01-16 21:07:24,395 - ___log_b1_regression_graph - INFO - Doing regression 0.79; 2009-52
2017-01-16 21:07:28,323 - ___log_b1_regression_graph - INFO - Doing regression 0.40; 2009-53
2017-01-16 21:07:38,369 - ___log_b1_regression_graph - INFO - Doing regression 0.89; 2009-52
2017-01-16 21:07:44,304 - ___log_b1_regression_graph - INFO - Doing regression 0.30; 2009-54
2017-01-16 21:07:48,904 - ___log_b1_regression_graph - INFO - Doing regression 0.50; 2009-53
2017-01-16 21:07:51,011 - ___log_b1_regression_graph - INFO - Doing regression 0.99; 2009-52
2017-01-16 21:07:54,535 - ___log_b1_regression_graph - INFO - Start pickling; 2009-52
2017-01-16 21:07:54,750 - ___log_b1_regression_graph - INFO - Start handling; /Users/JerryHan88/PycharmProjects/taxi_projects/community_analysis/data/tfZ_TP/tfZ_TP-2009-55.csv
2017-01-16 21:07:54,750 - ___log_b1_regression_graph - INFO - Start loading; 2009-55
2017-01-16 21:07:58,292 - ___log_b1_regression_graph - INFO - Doing regression 0.40; 2009-54
2017-01-16 21:08:04,329 - ___log_b1_regression_graph - INFO - Doing regression 0.59; 2009-53
2017-01-16 21:08:13,689 - ___log_b1_regression_graph - INFO - Doing regression 0.50; 2009-54
2017-01-16 21:08:23,609 - ___log_b1_regression_graph - INFO - Doing regression 0.59; 2009-54
2017-01-16 21:08:23,801 - ___log_b1_regression_graph - INFO - Doing regression 0.69; 2009-53
2017-01-16 21:08:35,610 - ___log_b1_regression_graph - INFO - Doing regression 0.69; 2009-54
2017-01-16 21:08:35,772 - ___log_b1_regression_graph - INFO - Doing regression 0.00; 2009-55
2017-01-16 21:08:37,235 - ___log_b1_regression_graph - INFO - Doing regression 0.79; 2009-53
2017-01-16 21:08:46,596 - ___log_b1_regression_graph - INFO - Doing regression 0.10; 2009-55
2017-01-16 21:08:49,676 - ___log_b1_regression_graph - INFO - Doing regression 0.79; 2009-54
2017-01-16 21:08:51,650 - ___log_b1_regression_graph - INFO - Doing regression 0.89; 2009-53
2017-01-16 21:08:56,530 - ___log_b1_regression_graph - INFO - Doing regression 0.20; 2009-55
2017-01-16 21:09:00,417 - ___log_b1_regression_graph - INFO - Doing regression 0.89; 2009-54
2017-01-16 21:09:07,935 - ___log_b1_regression_graph - INFO - Doing regression 0.30; 2009-55
2017-01-16 21:09:08,368 - ___log_b1_regression_graph - INFO - Doing regression 0.99; 2009-53
2017-01-16 21:09:09,233 - ___log_b1_regression_graph - INFO - Doing regression 0.99; 2009-54
2017-01-16 21:09:10,810 - ___log_b1_regression_graph - INFO - Start pickling; 2009-53
2017-01-16 21:09:11,103 - ___log_b1_regression_graph - INFO - Start handling; /Users/JerryHan88/PycharmProjects/taxi_projects/community_analysis/data/tfZ_TP/tfZ_TP-2009-56.csv
2017-01-16 21:09:11,104 - ___log_b1_regression_graph - INFO - Start loading; 2009-56
2017-01-16 21:09:11,761 - ___log_b1_regression_graph - INFO - Start pickling; 2009-54
2017-01-16 21:09:11,988 - ___log_b1_regression_graph - INFO - Start handling; /Users/JerryHan88/PycharmProjects/taxi_projects/community_analysis/data/tfZ_TP/tfZ_TP-2009-57.csv
2017-01-16 21:09:11,988 - ___log_b1_regression_graph - INFO - Start loading; 2009-57
2017-01-16 21:09:26,372 - ___log_b1_regression_graph - INFO - Doing regression 0.40; 2009-55
2017-01-16 21:09:42,073 - ___log_b1_regression_graph - INFO - Doing regression 0.50; 2009-55
2017-01-16 21:09:49,638 - ___log_b1_regression_graph - INFO - Doing regression 0.00; 2009-57
2017-01-16 21:09:57,969 - ___log_b1_regression_graph - INFO - Doing regression 0.59; 2009-55
2017-01-16 21:09:59,063 - ___log_b1_regression_graph - INFO - Doing regression 0.00; 2009-56
2017-01-16 21:09:59,175 - ___log_b1_regression_graph - INFO - Doing regression 0.10; 2009-57
2017-01-16 21:10:11,647 - ___log_b1_regression_graph - INFO - Doing regression 0.69; 2009-55
2017-01-16 21:10:19,834 - ___log_b1_regression_graph - INFO - Doing regression 0.20; 2009-57
2017-01-16 21:10:21,022 - ___log_b1_regression_graph - INFO - Doing regression 0.10; 2009-56
2017-01-16 21:10:28,018 - ___log_b1_regression_graph - INFO - Doing regression 0.79; 2009-55
2017-01-16 21:10:31,053 - ___log_b1_regression_graph - INFO - Doing regression 0.30; 2009-57
2017-01-16 21:10:35,586 - ___log_b1_regression_graph - INFO - Doing regression 0.20; 2009-56
2017-01-16 21:10:40,646 - ___log_b1_regression_graph - INFO - Doing regression 0.89; 2009-55
2017-01-16 21:10:45,320 - ___log_b1_regression_graph - INFO - Doing regression 0.40; 2009-57
2017-01-16 21:10:54,239 - ___log_b1_regression_graph - INFO - Doing regression 0.99; 2009-55
2017-01-16 21:10:54,568 - ___log_b1_regression_graph - INFO - Doing regression 0.30; 2009-56
2017-01-16 21:10:54,861 - ___log_b1_regression_graph - INFO - Start pickling; 2009-55
2017-01-16 21:10:55,081 - ___log_b1_regression_graph - INFO - Start handling; /Users/JerryHan88/PycharmProjects/taxi_projects/community_analysis/data/tfZ_TP/tfZ_TP-2009-58.csv
2017-01-16 21:10:55,081 - ___log_b1_regression_graph - INFO - Start loading; 2009-58
2017-01-16 21:10:58,044 - ___log_b1_regression_graph - INFO - Doing regression 0.50; 2009-57
2017-01-16 21:11:10,286 - ___log_b1_regression_graph - INFO - Doing regression 0.40; 2009-56
2017-01-16 21:11:17,050 - ___log_b1_regression_graph - INFO - Doing regression 0.59; 2009-57
2017-01-16 21:11:22,391 - ___log_b1_regression_graph - INFO - Doing regression 0.50; 2009-56
2017-01-16 21:11:33,690 - ___log_b1_regression_graph - INFO - Doing regression 0.69; 2009-57
2017-01-16 21:11:38,611 - ___log_b1_regression_graph - INFO - Doing regression 0.00; 2009-58
2017-01-16 21:11:41,818 - ___log_b1_regression_graph - INFO - Doing regression 0.59; 2009-56
2017-01-16 21:11:49,368 - ___log_b1_regression_graph - INFO - Doing regression 0.79; 2009-57
2017-01-16 21:11:51,478 - ___log_b1_regression_graph - INFO - Doing regression 0.10; 2009-58
2017-01-16 21:11:54,664 - ___log_b1_regression_graph - INFO - Doing regression 0.69; 2009-56
2017-01-16 21:11:58,287 - ___log_b1_regression_graph - INFO - Doing regression 0.89; 2009-57
2017-01-16 21:12:02,988 - ___log_b1_regression_graph - INFO - Doing regression 0.79; 2009-56
2017-01-16 21:12:03,485 - ___log_b1_regression_graph - INFO - Doing regression 0.20; 2009-58
2017-01-16 21:12:07,038 - ___log_b1_regression_graph - INFO - Doing regression 0.99; 2009-57
2017-01-16 21:12:07,560 - ___log_b1_regression_graph - INFO - Start pickling; 2009-57
2017-01-16 21:12:07,757 - ___log_b1_regression_graph - INFO - Start handling; /Users/JerryHan88/PycharmProjects/taxi_projects/community_analysis/data/tfZ_TP/tfZ_TP-2009-59.csv
2017-01-16 21:12:07,758 - ___log_b1_regression_graph - INFO - Start loading; 2009-59
2017-01-16 21:12:14,809 - ___log_b1_regression_graph - INFO - Doing regression 0.30; 2009-58
2017-01-16 21:12:18,068 - ___log_b1_regression_graph - INFO - Doing regression 0.89; 2009-56
2017-01-16 21:12:32,363 - ___log_b1_regression_graph - INFO - Doing regression 0.40; 2009-58
2017-01-16 21:12:36,531 - ___log_b1_regression_graph - INFO - Doing regression 0.99; 2009-56
2017-01-16 21:12:38,578 - ___log_b1_regression_graph - INFO - Start pickling; 2009-56
2017-01-16 21:12:38,830 - ___log_b1_regression_graph - INFO - Start handling; /Users/JerryHan88/PycharmProjects/taxi_projects/community_analysis/data/tfZ_TP/tfZ_TP-2009-6.csv
2017-01-16 21:12:38,831 - ___log_b1_regression_graph - INFO - Start loading; 2009-6
2017-01-16 21:12:45,696 - ___log_b1_regression_graph - INFO - Doing regression 0.50; 2009-58
2017-01-16 21:12:50,031 - ___log_b1_regression_graph - INFO - Doing regression 0.00; 2009-59
2017-01-16 21:13:01,935 - ___log_b1_regression_graph - INFO - Doing regression 0.59; 2009-58
2017-01-16 21:13:07,221 - ___log_b1_regression_graph - INFO - Doing regression 0.10; 2009-59
2017-01-16 21:13:15,698 - ___log_b1_regression_graph - INFO - Doing regression 0.69; 2009-58
2017-01-16 21:13:17,048 - ___log_b1_regression_graph - INFO - Doing regression 0.00; 2009-6
2017-01-16 21:13:21,735 - ___log_b1_regression_graph - INFO - Doing regression 0.20; 2009-59
2017-01-16 21:13:32,648 - ___log_b1_regression_graph - INFO - Doing regression 0.79; 2009-58
2017-01-16 21:13:33,121 - ___log_b1_regression_graph - INFO - Doing regression 0.10; 2009-6
2017-01-16 21:13:34,699 - ___log_b1_regression_graph - INFO - Doing regression 0.30; 2009-59
2017-01-16 21:13:43,471 - ___log_b1_regression_graph - INFO - Doing regression 0.20; 2009-6
2017-01-16 21:13:49,639 - ___log_b1_regression_graph - INFO - Doing regression 0.89; 2009-58
2017-01-16 21:14:00,760 - ___log_b1_regression_graph - INFO - Doing regression 0.29; 2009-6
2017-01-16 21:14:02,883 - ___log_b1_regression_graph - INFO - Doing regression 0.40; 2009-59
2017-01-16 21:14:03,468 - ___log_b1_regression_graph - INFO - Doing regression 0.99; 2009-58
2017-01-16 21:14:04,522 - ___log_b1_regression_graph - INFO - Start pickling; 2009-58
2017-01-16 21:14:04,753 - ___log_b1_regression_graph - INFO - Start handling; /Users/JerryHan88/PycharmProjects/taxi_projects/community_analysis/data/tfZ_TP/tfZ_TP-2009-7.csv
2017-01-16 21:14:04,753 - ___log_b1_regression_graph - INFO - Start loading; 2009-7
2017-01-16 21:14:17,544 - ___log_b1_regression_graph - INFO - Doing regression 0.39; 2009-6
2017-01-16 21:14:18,668 - ___log_b1_regression_graph - INFO - Doing regression 0.50; 2009-59
2017-01-16 21:14:29,381 - ___log_b1_regression_graph - INFO - Doing regression 0.49; 2009-6
2017-01-16 21:14:31,010 - ___log_b1_regression_graph - INFO - Doing regression 0.59; 2009-59
2017-01-16 21:14:36,494 - ___log_b1_regression_graph - INFO - Doing regression 0.59; 2009-6
2017-01-16 21:14:38,986 - ___log_b1_regression_graph - INFO - Doing regression 0.69; 2009-59
2017-01-16 21:14:47,350 - ___log_b1_regression_graph - INFO - Doing regression 0.69; 2009-6
2017-01-16 21:14:48,102 - ___log_b1_regression_graph - INFO - Doing regression 0.79; 2009-59
2017-01-16 21:14:48,931 - ___log_b1_regression_graph - INFO - Doing regression 0.00; 2009-7
2017-01-16 21:15:03,985 - ___log_b1_regression_graph - INFO - Doing regression 0.78; 2009-6
2017-01-16 21:15:11,401 - ___log_b1_regression_graph - INFO - Doing regression 0.10; 2009-7
2017-01-16 21:15:11,847 - ___log_b1_regression_graph - INFO - Doing regression 0.89; 2009-59
2017-01-16 21:15:25,503 - ___log_b1_regression_graph - INFO - Doing regression 0.88; 2009-6
2017-01-16 21:15:28,235 - ___log_b1_regression_graph - INFO - Doing regression 0.99; 2009-59
2017-01-16 21:15:29,275 - ___log_b1_regression_graph - INFO - Start pickling; 2009-59
2017-01-16 21:15:29,518 - ___log_b1_regression_graph - INFO - Start handling; /Users/JerryHan88/PycharmProjects/taxi_projects/community_analysis/data/tfZ_TP/tfZ_TP-2009-8.csv
2017-01-16 21:15:29,518 - ___log_b1_regression_graph - INFO - Start loading; 2009-8
2017-01-16 21:15:32,934 - ___log_b1_regression_graph - INFO - Doing regression 0.20; 2009-7
2017-01-16 21:15:39,414 - ___log_b1_regression_graph - INFO - Doing regression 0.98; 2009-6
2017-01-16 21:15:40,372 - ___log_b1_regression_graph - INFO - Start pickling; 2009-6
2017-01-16 21:15:40,578 - ___log_b1_regression_graph - INFO - Start handling; /Users/JerryHan88/PycharmProjects/taxi_projects/community_analysis/data/tfZ_TP/tfZ_TP-2009-9.csv
2017-01-16 21:15:40,578 - ___log_b1_regression_graph - INFO - Start loading; 2009-9
2017-01-16 21:15:46,784 - ___log_b1_regression_graph - INFO - Doing regression 0.29; 2009-7
2017-01-16 21:15:57,812 - ___log_b1_regression_graph - INFO - Doing regression 0.39; 2009-7
2017-01-16 21:16:11,088 - ___log_b1_regression_graph - INFO - Doing regression 0.00; 2009-8
2017-01-16 21:16:13,055 - ___log_b1_regression_graph - INFO - Doing regression 0.49; 2009-7
2017-01-16 21:16:21,775 - ___log_b1_regression_graph - INFO - Doing regression 0.00; 2009-9
2017-01-16 21:16:24,793 - ___log_b1_regression_graph - INFO - Doing regression 0.59; 2009-7
2017-01-16 21:16:29,347 - ___log_b1_regression_graph - INFO - Doing regression 0.10; 2009-8
2017-01-16 21:16:36,616 - ___log_b1_regression_graph - INFO - Doing regression 0.10; 2009-9
2017-01-16 21:16:45,012 - ___log_b1_regression_graph - INFO - Doing regression 0.20; 2009-8
2017-01-16 21:16:45,306 - ___log_b1_regression_graph - INFO - Doing regression 0.69; 2009-7
2017-01-16 21:16:50,909 - ___log_b1_regression_graph - INFO - Doing regression 0.20; 2009-9
2017-01-16 21:16:54,510 - ___log_b1_regression_graph - INFO - Doing regression 0.78; 2009-7
2017-01-16 21:16:57,438 - ___log_b1_regression_graph - INFO - Doing regression 0.29; 2009-8
2017-01-16 21:17:04,248 - ___log_b1_regression_graph - INFO - Doing regression 0.29; 2009-9
2017-01-16 21:17:08,308 - ___log_b1_regression_graph - INFO - Doing regression 0.88; 2009-7
2017-01-16 21:17:17,348 - ___log_b1_regression_graph - INFO - Doing regression 0.39; 2009-8
2017-01-16 21:17:27,948 - ___log_b1_regression_graph - INFO - Doing regression 0.39; 2009-9
2017-01-16 21:17:28,262 - ___log_b1_regression_graph - INFO - Doing regression 0.98; 2009-7
2017-01-16 21:17:29,335 - ___log_b1_regression_graph - INFO - Start pickling; 2009-7
2017-01-16 21:17:31,913 - ___log_b1_regression_graph - INFO - Doing regression 0.49; 2009-8
2017-01-16 21:17:40,869 - ___log_b1_regression_graph - INFO - Doing regression 0.49; 2009-9
2017-01-16 21:17:45,368 - ___log_b1_regression_graph - INFO - Doing regression 0.59; 2009-8
2017-01-16 21:17:50,145 - ___log_b1_regression_graph - INFO - Doing regression 0.59; 2009-9
2017-01-16 21:17:57,968 - ___log_b1_regression_graph - INFO - Doing regression 0.69; 2009-8
2017-01-16 21:18:05,245 - ___log_b1_regression_graph - INFO - Doing regression 0.69; 2009-9
2017-01-16 21:18:13,673 - ___log_b1_regression_graph - INFO - Doing regression 0.78; 2009-8
2017-01-16 21:18:20,350 - ___log_b1_regression_graph - INFO - Doing regression 0.78; 2009-9
2017-01-16 21:18:26,383 - ___log_b1_regression_graph - INFO - Doing regression 0.88; 2009-8
2017-01-16 21:18:31,190 - ___log_b1_regression_graph - INFO - Doing regression 0.88; 2009-9
2017-01-16 21:18:39,999 - ___log_b1_regression_graph - INFO - Doing regression 0.98; 2009-8
2017-01-16 21:18:41,778 - ___log_b1_regression_graph - INFO - Start pickling; 2009-8
2017-01-16 21:18:43,538 - ___log_b1_regression_graph - INFO - Doing regression 0.98; 2009-9
2017-01-16 21:18:46,798 - ___log_b1_regression_graph - INFO - Start pickling; 2009-9
